2018-09-26T12:05:47+00:00 CRITICAL Uncaught Error: Call to a member function get_image_id() on null in /var/www/html/FCC/wp-content/plugins/FCC/Functionality/Widget_Woo_Slider.php:42
Stack trace:
#0 /var/www/html/FCC/wp-content/plugins/siteorigin-panels/inc/renderer.php(529): WP_Widget_Woo_Slider->widget(Array, Array)
#1 /var/www/html/FCC/wp-content/plugins/siteorigin-panels/inc/renderer.php(871): SiteOrigin_Panels_Renderer->the_widget(Array, Array, 2, 0, 0, true, true, 40, '')
#2 /var/www/html/FCC/wp-content/plugins/siteorigin-panels/inc/renderer.php(831): SiteOrigin_Panels_Renderer->render_widget(40, 2, 0, 0, Array, true)
#3 /var/www/html/FCC/wp-content/plugins/siteorigin-panels/inc/renderer.php(749): SiteOrigin_Panels_Renderer->render_cell(40, 2, 0, Array, Array, Array)
#4 /var/www/html/FCC/wp-content/plugins/siteorigin-panels/inc/renderer.php(322): SiteOrigin_Panels_Renderer->render_row(40, 2, Array, Array)
#5 /var/www/html/FCC/wp-content/plugins/siteorigin-panels/siteorigin-panels.php(309): SiteOrigin_Panels_Renderer->render(40, false)
#6

2018-09-26T12:05:52+00:00 CRITICAL Uncaught Error: Call to a member function get_image_id() on null in /var/www/html/FCC/wp-content/plugins/FCC/Functionality/Widget_Woo_Slider.php:42
Stack trace:
#0 /var/www/html/FCC/wp-content/plugins/siteorigin-panels/inc/renderer.php(529): WP_Widget_Woo_Slider->widget(Array, Array)
#1 /var/www/html/FCC/wp-content/plugins/siteorigin-panels/inc/renderer.php(871): SiteOrigin_Panels_Renderer->the_widget(Array, Array, 2, 0, 0, true, true, 40, '')
#2 /var/www/html/FCC/wp-content/plugins/siteorigin-panels/inc/renderer.php(831): SiteOrigin_Panels_Renderer->render_widget(40, 2, 0, 0, Array, true)
#3 /var/www/html/FCC/wp-content/plugins/siteorigin-panels/inc/renderer.php(749): SiteOrigin_Panels_Renderer->render_cell(40, 2, 0, Array, Array, Array)
#4 /var/www/html/FCC/wp-content/plugins/siteorigin-panels/inc/renderer.php(322): SiteOrigin_Panels_Renderer->render_row(40, 2, Array, Array)
#5 /var/www/html/FCC/wp-content/plugins/siteorigin-panels/siteorigin-panels.php(309): SiteOrigin_Panels_Renderer->render(40, false)
#6

2018-09-26T12:06:04+00:00 CRITICAL Uncaught Error: Call to a member function get_image_id() on null in /var/www/html/FCC/wp-content/plugins/FCC/Functionality/Widget_Woo_Slider.php:42
Stack trace:
#0 /var/www/html/FCC/wp-content/plugins/siteorigin-panels/inc/renderer.php(529): WP_Widget_Woo_Slider->widget(Array, Array)
#1 /var/www/html/FCC/wp-content/plugins/siteorigin-panels/inc/renderer.php(871): SiteOrigin_Panels_Renderer->the_widget(Array, Array, 2, 0, 0, true, true, 40, '')
#2 /var/www/html/FCC/wp-content/plugins/siteorigin-panels/inc/renderer.php(831): SiteOrigin_Panels_Renderer->render_widget(40, 2, 0, 0, Array, true)
#3 /var/www/html/FCC/wp-content/plugins/siteorigin-panels/inc/renderer.php(749): SiteOrigin_Panels_Renderer->render_cell(40, 2, 0, Array, Array, Array)
#4 /var/www/html/FCC/wp-content/plugins/siteorigin-panels/inc/renderer.php(322): SiteOrigin_Panels_Renderer->render_row(40, 2, Array, Array)
#5 /var/www/html/FCC/wp-content/plugins/siteorigin-panels/siteorigin-panels.php(309): SiteOrigin_Panels_Renderer->render(40, false)
#6

2018-09-26T12:06:12+00:00 CRITICAL Uncaught Error: Call to a member function get_image_id() on null in /var/www/html/FCC/wp-content/plugins/FCC/Functionality/Widget_Woo_Slider.php:42
Stack trace:
#0 /var/www/html/FCC/wp-content/plugins/siteorigin-panels/inc/renderer.php(529): WP_Widget_Woo_Slider->widget(Array, Array)
#1 /var/www/html/FCC/wp-content/plugins/siteorigin-panels/inc/renderer.php(871): SiteOrigin_Panels_Renderer->the_widget(Array, Array, 2, 0, 0, true, true, 40, '')
#2 /var/www/html/FCC/wp-content/plugins/siteorigin-panels/inc/renderer.php(831): SiteOrigin_Panels_Renderer->render_widget(40, 2, 0, 0, Array, true)
#3 /var/www/html/FCC/wp-content/plugins/siteorigin-panels/inc/renderer.php(749): SiteOrigin_Panels_Renderer->render_cell(40, 2, 0, Array, Array, Array)
#4 /var/www/html/FCC/wp-content/plugins/siteorigin-panels/inc/renderer.php(322): SiteOrigin_Panels_Renderer->render_row(40, 2, Array, Array)
#5 /var/www/html/FCC/wp-content/plugins/siteorigin-panels/siteorigin-panels.php(309): SiteOrigin_Panels_Renderer->render(40, false)
#6

2018-09-26T12:06:31+00:00 CRITICAL Uncaught Error: Call to a member function get_image_id() on null in /var/www/html/FCC/wp-content/plugins/FCC/Functionality/Widget_Woo_Slider.php:42
Stack trace:
#0 /var/www/html/FCC/wp-content/plugins/siteorigin-panels/inc/renderer.php(529): WP_Widget_Woo_Slider->widget(Array, Array)
#1 /var/www/html/FCC/wp-content/plugins/siteorigin-panels/inc/renderer.php(871): SiteOrigin_Panels_Renderer->the_widget(Array, Array, 2, 0, 0, true, true, 40, '')
#2 /var/www/html/FCC/wp-content/plugins/siteorigin-panels/inc/renderer.php(831): SiteOrigin_Panels_Renderer->render_widget(40, 2, 0, 0, Array, true)
#3 /var/www/html/FCC/wp-content/plugins/siteorigin-panels/inc/renderer.php(749): SiteOrigin_Panels_Renderer->render_cell(40, 2, 0, Array, Array, Array)
#4 /var/www/html/FCC/wp-content/plugins/siteorigin-panels/inc/renderer.php(322): SiteOrigin_Panels_Renderer->render_row(40, 2, Array, Array)
#5 /var/www/html/FCC/wp-content/plugins/siteorigin-panels/siteorigin-panels.php(309): SiteOrigin_Panels_Renderer->render(40, false)
#6

2018-09-26T12:06:48+00:00 CRITICAL Uncaught Error: Call to a member function get_image_id() on null in /var/www/html/FCC/wp-content/plugins/FCC/Functionality/Widget_Woo_Slider.php:42
Stack trace:
#0 /var/www/html/FCC/wp-content/plugins/siteorigin-panels/inc/renderer.php(529): WP_Widget_Woo_Slider->widget(Array, Array)
#1 /var/www/html/FCC/wp-content/plugins/siteorigin-panels/inc/renderer.php(871): SiteOrigin_Panels_Renderer->the_widget(Array, Array, 2, 0, 0, true, true, 40, '')
#2 /var/www/html/FCC/wp-content/plugins/siteorigin-panels/inc/renderer.php(831): SiteOrigin_Panels_Renderer->render_widget(40, 2, 0, 0, Array, true)
#3 /var/www/html/FCC/wp-content/plugins/siteorigin-panels/inc/renderer.php(749): SiteOrigin_Panels_Renderer->render_cell(40, 2, 0, Array, Array, Array)
#4 /var/www/html/FCC/wp-content/plugins/siteorigin-panels/inc/renderer.php(322): SiteOrigin_Panels_Renderer->render_row(40, 2, Array, Array)
#5 /var/www/html/FCC/wp-content/plugins/siteorigin-panels/siteorigin-panels.php(309): SiteOrigin_Panels_Renderer->render(40, false)
#6

