2018-07-28T13:50:11+00:00 CRITICAL Uncaught Error: Call to undefined function get_footer_content() in D:\Logiciel\wamp64\www\wordpress\wp-content\themes\foodcheesecorner\footer.php:18
Stack trace:
#0 D:\Logiciel\wamp64\www\wordpress\wp-includes\template.php(688): require_once()
#1 D:\Logiciel\wamp64\www\wordpress\wp-includes\template.php(647): load_template('D:\\Logiciel\\wam...', true)
#2 D:\Logiciel\wamp64\www\wordpress\wp-includes\general-template.php(76): locate_template(Array, true)
#3 D:\Logiciel\wamp64\www\wordpress\wp-content\themes\foodcheesecorner\404.php(60): get_footer()
#4 D:\Logiciel\wamp64\www\wordpress\wp-includes\template-loader.php(74): include('D:\\Logiciel\\wam...')
#5 D:\Logiciel\wamp64\www\wordpress\wp-blog-header.php(19): require_once('D:\\Logiciel\\wam...')
#6 D:\Logiciel\wamp64\www\wordpress\index.php(17): require('D:\\Logiciel\\wam...')
#7 {main}
  thrown

2018-07-28T13:50:41+00:00 CRITICAL Uncaught Error: Call to undefined function get_footer_content() in D:\Logiciel\wamp64\www\wordpress\wp-content\themes\foodcheesecorner\footer.php:18
Stack trace:
#0 D:\Logiciel\wamp64\www\wordpress\wp-includes\template.php(688): require_once()
#1 D:\Logiciel\wamp64\www\wordpress\wp-includes\template.php(647): load_template('D:\\Logiciel\\wam...', true)
#2 D:\Logiciel\wamp64\www\wordpress\wp-includes\general-template.php(76): locate_template(Array, true)
#3 D:\Logiciel\wamp64\www\wordpress\wp-content\themes\foodcheesecorner\404.php(60): get_footer()
#4 D:\Logiciel\wamp64\www\wordpress\wp-includes\template-loader.php(74): include('D:\\Logiciel\\wam...')
#5 D:\Logiciel\wamp64\www\wordpress\wp-blog-header.php(19): require_once('D:\\Logiciel\\wam...')
#6 D:\Logiciel\wamp64\www\wordpress\index.php(17): require('D:\\Logiciel\\wam...')
#7 {main}
  thrown

2018-07-28T13:51:08+00:00 CRITICAL Uncaught Error: Call to undefined function get_footer_content() in D:\Logiciel\wamp64\www\wordpress\wp-content\themes\foodcheesecorner\footer.php:18
Stack trace:
#0 D:\Logiciel\wamp64\www\wordpress\wp-includes\template.php(688): require_once()
#1 D:\Logiciel\wamp64\www\wordpress\wp-includes\template.php(647): load_template('D:\\Logiciel\\wam...', true)
#2 D:\Logiciel\wamp64\www\wordpress\wp-includes\general-template.php(76): locate_template(Array, true)
#3 D:\Logiciel\wamp64\www\wordpress\wp-content\themes\foodcheesecorner\404.php(60): get_footer()
#4 D:\Logiciel\wamp64\www\wordpress\wp-includes\template-loader.php(74): include('D:\\Logiciel\\wam...')
#5 D:\Logiciel\wamp64\www\wordpress\wp-blog-header.php(19): require_once('D:\\Logiciel\\wam...')
#6 D:\Logiciel\wamp64\www\wordpress\index.php(17): require('D:\\Logiciel\\wam...')
#7 {main}
  thrown

2018-07-28T13:52:12+00:00 CRITICAL Uncaught Error: Call to undefined function get_footer_content() in D:\Logiciel\wamp64\www\wordpress\wp-content\themes\foodcheesecorner\footer.php:18
Stack trace:
#0 D:\Logiciel\wamp64\www\wordpress\wp-includes\template.php(688): require_once()
#1 D:\Logiciel\wamp64\www\wordpress\wp-includes\template.php(647): load_template('D:\\Logiciel\\wam...', true)
#2 D:\Logiciel\wamp64\www\wordpress\wp-includes\general-template.php(76): locate_template(Array, true)
#3 D:\Logiciel\wamp64\www\wordpress\wp-content\themes\foodcheesecorner\404.php(60): get_footer()
#4 D:\Logiciel\wamp64\www\wordpress\wp-includes\template-loader.php(74): include('D:\\Logiciel\\wam...')
#5 D:\Logiciel\wamp64\www\wordpress\wp-blog-header.php(19): require_once('D:\\Logiciel\\wam...')
#6 D:\Logiciel\wamp64\www\wordpress\index.php(17): require('D:\\Logiciel\\wam...')
#7 {main}
  thrown

2018-07-28T13:54:04+00:00 CRITICAL Uncaught Error: Call to undefined function get_footer_content() in D:\Logiciel\wamp64\www\wordpress\wp-content\themes\foodcheesecorner\footer.php:18
Stack trace:
#0 D:\Logiciel\wamp64\www\wordpress\wp-includes\template.php(688): require_once()
#1 D:\Logiciel\wamp64\www\wordpress\wp-includes\template.php(647): load_template('D:\\Logiciel\\wam...', true)
#2 D:\Logiciel\wamp64\www\wordpress\wp-includes\general-template.php(76): locate_template(Array, true)
#3 D:\Logiciel\wamp64\www\wordpress\wp-content\themes\foodcheesecorner\404.php(60): get_footer()
#4 D:\Logiciel\wamp64\www\wordpress\wp-includes\template-loader.php(74): include('D:\\Logiciel\\wam...')
#5 D:\Logiciel\wamp64\www\wordpress\wp-blog-header.php(19): require_once('D:\\Logiciel\\wam...')
#6 D:\Logiciel\wamp64\www\wordpress\index.php(17): require('D:\\Logiciel\\wam...')
#7 {main}
  thrown

2018-07-28T13:54:17+00:00 CRITICAL Uncaught Error: Call to undefined function get_footer_content() in D:\Logiciel\wamp64\www\wordpress\wp-content\themes\foodcheesecorner\footer.php:18
Stack trace:
#0 D:\Logiciel\wamp64\www\wordpress\wp-includes\template.php(688): require_once()
#1 D:\Logiciel\wamp64\www\wordpress\wp-includes\template.php(647): load_template('D:\\Logiciel\\wam...', true)
#2 D:\Logiciel\wamp64\www\wordpress\wp-includes\general-template.php(76): locate_template(Array, true)
#3 D:\Logiciel\wamp64\www\wordpress\wp-content\themes\foodcheesecorner\404.php(60): get_footer()
#4 D:\Logiciel\wamp64\www\wordpress\wp-includes\template-loader.php(74): include('D:\\Logiciel\\wam...')
#5 D:\Logiciel\wamp64\www\wordpress\wp-blog-header.php(19): require_once('D:\\Logiciel\\wam...')
#6 D:\Logiciel\wamp64\www\wordpress\index.php(17): require('D:\\Logiciel\\wam...')
#7 {main}
  thrown

2018-07-28T13:54:27+00:00 CRITICAL Uncaught Error: Call to undefined function get_footer_content() in D:\Logiciel\wamp64\www\wordpress\wp-content\themes\foodcheesecorner\footer.php:18
Stack trace:
#0 D:\Logiciel\wamp64\www\wordpress\wp-includes\template.php(688): require_once()
#1 D:\Logiciel\wamp64\www\wordpress\wp-includes\template.php(647): load_template('D:\\Logiciel\\wam...', true)
#2 D:\Logiciel\wamp64\www\wordpress\wp-includes\general-template.php(76): locate_template(Array, true)
#3 D:\Logiciel\wamp64\www\wordpress\wp-content\themes\foodcheesecorner\404.php(60): get_footer()
#4 D:\Logiciel\wamp64\www\wordpress\wp-includes\template-loader.php(74): include('D:\\Logiciel\\wam...')
#5 D:\Logiciel\wamp64\www\wordpress\wp-blog-header.php(19): require_once('D:\\Logiciel\\wam...')
#6 D:\Logiciel\wamp64\www\wordpress\index.php(17): require('D:\\Logiciel\\wam...')
#7 {main}
  thrown

2018-07-28T13:54:39+00:00 CRITICAL Uncaught Error: Call to undefined function get_footer_content() in D:\Logiciel\wamp64\www\wordpress\wp-content\themes\foodcheesecorner\footer.php:18
Stack trace:
#0 D:\Logiciel\wamp64\www\wordpress\wp-includes\template.php(688): require_once()
#1 D:\Logiciel\wamp64\www\wordpress\wp-includes\template.php(647): load_template('D:\\Logiciel\\wam...', true)
#2 D:\Logiciel\wamp64\www\wordpress\wp-includes\general-template.php(76): locate_template(Array, true)
#3 D:\Logiciel\wamp64\www\wordpress\wp-content\themes\foodcheesecorner\404.php(60): get_footer()
#4 D:\Logiciel\wamp64\www\wordpress\wp-includes\template-loader.php(74): include('D:\\Logiciel\\wam...')
#5 D:\Logiciel\wamp64\www\wordpress\wp-blog-header.php(19): require_once('D:\\Logiciel\\wam...')
#6 D:\Logiciel\wamp64\www\wordpress\index.php(17): require('D:\\Logiciel\\wam...')
#7 {main}
  thrown

2018-07-28T13:54:45+00:00 CRITICAL Uncaught Error: Call to undefined function get_footer_content() in D:\Logiciel\wamp64\www\wordpress\wp-content\themes\foodcheesecorner\footer.php:18
Stack trace:
#0 D:\Logiciel\wamp64\www\wordpress\wp-includes\template.php(688): require_once()
#1 D:\Logiciel\wamp64\www\wordpress\wp-includes\template.php(647): load_template('D:\\Logiciel\\wam...', true)
#2 D:\Logiciel\wamp64\www\wordpress\wp-includes\general-template.php(76): locate_template(Array, true)
#3 D:\Logiciel\wamp64\www\wordpress\wp-content\themes\foodcheesecorner\404.php(60): get_footer()
#4 D:\Logiciel\wamp64\www\wordpress\wp-includes\template-loader.php(74): include('D:\\Logiciel\\wam...')
#5 D:\Logiciel\wamp64\www\wordpress\wp-blog-header.php(19): require_once('D:\\Logiciel\\wam...')
#6 D:\Logiciel\wamp64\www\wordpress\index.php(17): require('D:\\Logiciel\\wam...')
#7 {main}
  thrown

2018-07-28T14:02:01+00:00 CRITICAL Uncaught Error: Call to undefined function get_footer_content() in D:\Logiciel\wamp64\www\wordpress\wp-content\themes\foodcheesecorner\footer.php:18
Stack trace:
#0 D:\Logiciel\wamp64\www\wordpress\wp-includes\template.php(688): require_once()
#1 D:\Logiciel\wamp64\www\wordpress\wp-includes\template.php(647): load_template('D:\\Logiciel\\wam...', true)
#2 D:\Logiciel\wamp64\www\wordpress\wp-includes\general-template.php(76): locate_template(Array, true)
#3 D:\Logiciel\wamp64\www\wordpress\wp-content\themes\foodcheesecorner\404.php(60): get_footer()
#4 D:\Logiciel\wamp64\www\wordpress\wp-includes\template-loader.php(74): include('D:\\Logiciel\\wam...')
#5 D:\Logiciel\wamp64\www\wordpress\wp-blog-header.php(19): require_once('D:\\Logiciel\\wam...')
#6 D:\Logiciel\wamp64\www\wordpress\index.php(17): require('D:\\Logiciel\\wam...')
#7 {main}
  thrown

2018-07-28T14:02:07+00:00 CRITICAL Uncaught Error: Call to undefined function get_footer_content() in D:\Logiciel\wamp64\www\wordpress\wp-content\themes\foodcheesecorner\footer.php:18
Stack trace:
#0 D:\Logiciel\wamp64\www\wordpress\wp-includes\template.php(688): require_once()
#1 D:\Logiciel\wamp64\www\wordpress\wp-includes\template.php(647): load_template('D:\\Logiciel\\wam...', true)
#2 D:\Logiciel\wamp64\www\wordpress\wp-includes\general-template.php(76): locate_template(Array, true)
#3 D:\Logiciel\wamp64\www\wordpress\wp-content\themes\foodcheesecorner\404.php(60): get_footer()
#4 D:\Logiciel\wamp64\www\wordpress\wp-includes\template-loader.php(74): include('D:\\Logiciel\\wam...')
#5 D:\Logiciel\wamp64\www\wordpress\wp-blog-header.php(19): require_once('D:\\Logiciel\\wam...')
#6 D:\Logiciel\wamp64\www\wordpress\index.php(17): require('D:\\Logiciel\\wam...')
#7 {main}
  thrown

2018-07-28T14:02:13+00:00 CRITICAL Uncaught Error: Call to undefined function get_footer_content() in D:\Logiciel\wamp64\www\wordpress\wp-content\themes\foodcheesecorner\footer.php:18
Stack trace:
#0 D:\Logiciel\wamp64\www\wordpress\wp-includes\template.php(688): require_once()
#1 D:\Logiciel\wamp64\www\wordpress\wp-includes\template.php(647): load_template('D:\\Logiciel\\wam...', true)
#2 D:\Logiciel\wamp64\www\wordpress\wp-includes\general-template.php(76): locate_template(Array, true)
#3 D:\Logiciel\wamp64\www\wordpress\wp-content\themes\foodcheesecorner\404.php(60): get_footer()
#4 D:\Logiciel\wamp64\www\wordpress\wp-includes\template-loader.php(74): include('D:\\Logiciel\\wam...')
#5 D:\Logiciel\wamp64\www\wordpress\wp-blog-header.php(19): require_once('D:\\Logiciel\\wam...')
#6 D:\Logiciel\wamp64\www\wordpress\index.php(17): require('D:\\Logiciel\\wam...')
#7 {main}
  thrown

2018-07-28T14:06:42+00:00 CRITICAL Uncaught Error: Call to undefined function get_footer_content() in D:\Logiciel\wamp64\www\wordpress\wp-content\themes\foodcheesecorner\footer.php:18
Stack trace:
#0 D:\Logiciel\wamp64\www\wordpress\wp-includes\template.php(688): require_once()
#1 D:\Logiciel\wamp64\www\wordpress\wp-includes\template.php(647): load_template('D:\\Logiciel\\wam...', true)
#2 D:\Logiciel\wamp64\www\wordpress\wp-includes\general-template.php(76): locate_template(Array, true)
#3 D:\Logiciel\wamp64\www\wordpress\wp-content\themes\foodcheesecorner\404.php(60): get_footer()
#4 D:\Logiciel\wamp64\www\wordpress\wp-includes\template-loader.php(74): include('D:\\Logiciel\\wam...')
#5 D:\Logiciel\wamp64\www\wordpress\wp-blog-header.php(19): require_once('D:\\Logiciel\\wam...')
#6 D:\Logiciel\wamp64\www\wordpress\index.php(17): require('D:\\Logiciel\\wam...')
#7 {main}
  thrown

2018-07-28T14:07:06+00:00 CRITICAL Uncaught Error: Call to undefined function get_footer_content() in D:\Logiciel\wamp64\www\wordpress\wp-content\themes\foodcheesecorner\footer.php:18
Stack trace:
#0 D:\Logiciel\wamp64\www\wordpress\wp-includes\template.php(688): require_once()
#1 D:\Logiciel\wamp64\www\wordpress\wp-includes\template.php(647): load_template('D:\\Logiciel\\wam...', true)
#2 D:\Logiciel\wamp64\www\wordpress\wp-includes\general-template.php(76): locate_template(Array, true)
#3 D:\Logiciel\wamp64\www\wordpress\wp-content\themes\foodcheesecorner\404.php(60): get_footer()
#4 D:\Logiciel\wamp64\www\wordpress\wp-includes\template-loader.php(74): include('D:\\Logiciel\\wam...')
#5 D:\Logiciel\wamp64\www\wordpress\wp-blog-header.php(19): require_once('D:\\Logiciel\\wam...')
#6 D:\Logiciel\wamp64\www\wordpress\index.php(17): require('D:\\Logiciel\\wam...')
#7 {main}
  thrown

2018-07-28T14:07:25+00:00 CRITICAL Uncaught Error: Call to undefined function get_footer_content() in D:\Logiciel\wamp64\www\wordpress\wp-content\themes\foodcheesecorner\footer.php:18
Stack trace:
#0 D:\Logiciel\wamp64\www\wordpress\wp-includes\template.php(688): require_once()
#1 D:\Logiciel\wamp64\www\wordpress\wp-includes\template.php(647): load_template('D:\\Logiciel\\wam...', true)
#2 D:\Logiciel\wamp64\www\wordpress\wp-includes\general-template.php(76): locate_template(Array, true)
#3 D:\Logiciel\wamp64\www\wordpress\wp-content\themes\foodcheesecorner\404.php(60): get_footer()
#4 D:\Logiciel\wamp64\www\wordpress\wp-includes\template-loader.php(74): include('D:\\Logiciel\\wam...')
#5 D:\Logiciel\wamp64\www\wordpress\wp-blog-header.php(19): require_once('D:\\Logiciel\\wam...')
#6 D:\Logiciel\wamp64\www\wordpress\index.php(17): require('D:\\Logiciel\\wam...')
#7 {main}
  thrown

2018-07-28T14:07:32+00:00 CRITICAL Uncaught Error: Call to undefined function get_footer_content() in D:\Logiciel\wamp64\www\wordpress\wp-content\themes\foodcheesecorner\footer.php:18
Stack trace:
#0 D:\Logiciel\wamp64\www\wordpress\wp-includes\template.php(688): require_once()
#1 D:\Logiciel\wamp64\www\wordpress\wp-includes\template.php(647): load_template('D:\\Logiciel\\wam...', true)
#2 D:\Logiciel\wamp64\www\wordpress\wp-includes\general-template.php(76): locate_template(Array, true)
#3 D:\Logiciel\wamp64\www\wordpress\wp-content\themes\foodcheesecorner\404.php(60): get_footer()
#4 D:\Logiciel\wamp64\www\wordpress\wp-includes\template-loader.php(74): include('D:\\Logiciel\\wam...')
#5 D:\Logiciel\wamp64\www\wordpress\wp-blog-header.php(19): require_once('D:\\Logiciel\\wam...')
#6 D:\Logiciel\wamp64\www\wordpress\index.php(17): require('D:\\Logiciel\\wam...')
#7 {main}
  thrown

2018-07-28T14:08:08+00:00 CRITICAL Uncaught Error: Call to undefined function get_footer_content() in D:\Logiciel\wamp64\www\wordpress\wp-content\themes\foodcheesecorner\footer.php:18
Stack trace:
#0 D:\Logiciel\wamp64\www\wordpress\wp-includes\template.php(688): require_once()
#1 D:\Logiciel\wamp64\www\wordpress\wp-includes\template.php(647): load_template('D:\\Logiciel\\wam...', true)
#2 D:\Logiciel\wamp64\www\wordpress\wp-includes\general-template.php(76): locate_template(Array, true)
#3 D:\Logiciel\wamp64\www\wordpress\wp-content\themes\foodcheesecorner\404.php(60): get_footer()
#4 D:\Logiciel\wamp64\www\wordpress\wp-includes\template-loader.php(74): include('D:\\Logiciel\\wam...')
#5 D:\Logiciel\wamp64\www\wordpress\wp-blog-header.php(19): require_once('D:\\Logiciel\\wam...')
#6 D:\Logiciel\wamp64\www\wordpress\index.php(17): require('D:\\Logiciel\\wam...')
#7 {main}
  thrown

2018-07-28T14:10:47+00:00 CRITICAL Uncaught Error: Call to undefined function get_footer_content() in D:\Logiciel\wamp64\www\wordpress\wp-content\themes\foodcheesecorner\footer.php:18
Stack trace:
#0 D:\Logiciel\wamp64\www\wordpress\wp-includes\template.php(688): require_once()
#1 D:\Logiciel\wamp64\www\wordpress\wp-includes\template.php(647): load_template('D:\\Logiciel\\wam...', true)
#2 D:\Logiciel\wamp64\www\wordpress\wp-includes\general-template.php(76): locate_template(Array, true)
#3 D:\Logiciel\wamp64\www\wordpress\wp-content\themes\foodcheesecorner\404.php(60): get_footer()
#4 D:\Logiciel\wamp64\www\wordpress\wp-includes\template-loader.php(74): include('D:\\Logiciel\\wam...')
#5 D:\Logiciel\wamp64\www\wordpress\wp-blog-header.php(19): require_once('D:\\Logiciel\\wam...')
#6 D:\Logiciel\wamp64\www\wordpress\index.php(17): require('D:\\Logiciel\\wam...')
#7 {main}
  thrown

2018-07-28T14:10:50+00:00 CRITICAL Uncaught Error: Call to undefined function get_footer_content() in D:\Logiciel\wamp64\www\wordpress\wp-content\themes\foodcheesecorner\footer.php:18
Stack trace:
#0 D:\Logiciel\wamp64\www\wordpress\wp-includes\template.php(688): require_once()
#1 D:\Logiciel\wamp64\www\wordpress\wp-includes\template.php(647): load_template('D:\\Logiciel\\wam...', true)
#2 D:\Logiciel\wamp64\www\wordpress\wp-includes\general-template.php(76): locate_template(Array, true)
#3 D:\Logiciel\wamp64\www\wordpress\wp-content\themes\foodcheesecorner\404.php(60): get_footer()
#4 D:\Logiciel\wamp64\www\wordpress\wp-includes\template-loader.php(74): include('D:\\Logiciel\\wam...')
#5 D:\Logiciel\wamp64\www\wordpress\wp-blog-header.php(19): require_once('D:\\Logiciel\\wam...')
#6 D:\Logiciel\wamp64\www\wordpress\index.php(17): require('D:\\Logiciel\\wam...')
#7 {main}
  thrown

2018-07-28T14:11:04+00:00 CRITICAL Uncaught Error: Call to undefined function get_footer_content() in D:\Logiciel\wamp64\www\wordpress\wp-content\themes\foodcheesecorner\footer.php:18
Stack trace:
#0 D:\Logiciel\wamp64\www\wordpress\wp-includes\template.php(688): require_once()
#1 D:\Logiciel\wamp64\www\wordpress\wp-includes\template.php(647): load_template('D:\\Logiciel\\wam...', true)
#2 D:\Logiciel\wamp64\www\wordpress\wp-includes\general-template.php(76): locate_template(Array, true)
#3 D:\Logiciel\wamp64\www\wordpress\wp-content\themes\foodcheesecorner\404.php(60): get_footer()
#4 D:\Logiciel\wamp64\www\wordpress\wp-includes\template-loader.php(74): include('D:\\Logiciel\\wam...')
#5 D:\Logiciel\wamp64\www\wordpress\wp-blog-header.php(19): require_once('D:\\Logiciel\\wam...')
#6 D:\Logiciel\wamp64\www\wordpress\index.php(17): require('D:\\Logiciel\\wam...')
#7 {main}
  thrown

2018-07-28T14:11:07+00:00 CRITICAL Uncaught Error: Call to undefined function get_footer_content() in D:\Logiciel\wamp64\www\wordpress\wp-content\themes\foodcheesecorner\footer.php:18
Stack trace:
#0 D:\Logiciel\wamp64\www\wordpress\wp-includes\template.php(688): require_once()
#1 D:\Logiciel\wamp64\www\wordpress\wp-includes\template.php(647): load_template('D:\\Logiciel\\wam...', true)
#2 D:\Logiciel\wamp64\www\wordpress\wp-includes\general-template.php(76): locate_template(Array, true)
#3 D:\Logiciel\wamp64\www\wordpress\wp-content\themes\foodcheesecorner\404.php(60): get_footer()
#4 D:\Logiciel\wamp64\www\wordpress\wp-includes\template-loader.php(74): include('D:\\Logiciel\\wam...')
#5 D:\Logiciel\wamp64\www\wordpress\wp-blog-header.php(19): require_once('D:\\Logiciel\\wam...')
#6 D:\Logiciel\wamp64\www\wordpress\index.php(17): require('D:\\Logiciel\\wam...')
#7 {main}
  thrown

2018-07-28T14:11:29+00:00 CRITICAL Uncaught Error: Call to undefined function get_footer_content() in D:\Logiciel\wamp64\www\wordpress\wp-content\themes\foodcheesecorner\footer.php:18
Stack trace:
#0 D:\Logiciel\wamp64\www\wordpress\wp-includes\template.php(688): require_once()
#1 D:\Logiciel\wamp64\www\wordpress\wp-includes\template.php(647): load_template('D:\\Logiciel\\wam...', true)
#2 D:\Logiciel\wamp64\www\wordpress\wp-includes\general-template.php(76): locate_template(Array, true)
#3 D:\Logiciel\wamp64\www\wordpress\wp-content\themes\foodcheesecorner\404.php(60): get_footer()
#4 D:\Logiciel\wamp64\www\wordpress\wp-includes\template-loader.php(74): include('D:\\Logiciel\\wam...')
#5 D:\Logiciel\wamp64\www\wordpress\wp-blog-header.php(19): require_once('D:\\Logiciel\\wam...')
#6 D:\Logiciel\wamp64\www\wordpress\index.php(17): require('D:\\Logiciel\\wam...')
#7 {main}
  thrown

2018-07-28T14:11:40+00:00 CRITICAL Uncaught Error: Call to undefined function get_footer_content() in D:\Logiciel\wamp64\www\wordpress\wp-content\themes\foodcheesecorner\footer.php:18
Stack trace:
#0 D:\Logiciel\wamp64\www\wordpress\wp-includes\template.php(688): require_once()
#1 D:\Logiciel\wamp64\www\wordpress\wp-includes\template.php(647): load_template('D:\\Logiciel\\wam...', true)
#2 D:\Logiciel\wamp64\www\wordpress\wp-includes\general-template.php(76): locate_template(Array, true)
#3 D:\Logiciel\wamp64\www\wordpress\wp-content\themes\foodcheesecorner\404.php(60): get_footer()
#4 D:\Logiciel\wamp64\www\wordpress\wp-includes\template-loader.php(74): include('D:\\Logiciel\\wam...')
#5 D:\Logiciel\wamp64\www\wordpress\wp-blog-header.php(19): require_once('D:\\Logiciel\\wam...')
#6 D:\Logiciel\wamp64\www\wordpress\index.php(17): require('D:\\Logiciel\\wam...')
#7 {main}
  thrown

2018-07-28T14:11:46+00:00 CRITICAL Uncaught Error: Call to undefined function get_footer_content() in D:\Logiciel\wamp64\www\wordpress\wp-content\themes\foodcheesecorner\footer.php:18
Stack trace:
#0 D:\Logiciel\wamp64\www\wordpress\wp-includes\template.php(688): require_once()
#1 D:\Logiciel\wamp64\www\wordpress\wp-includes\template.php(647): load_template('D:\\Logiciel\\wam...', true)
#2 D:\Logiciel\wamp64\www\wordpress\wp-includes\general-template.php(76): locate_template(Array, true)
#3 D:\Logiciel\wamp64\www\wordpress\wp-content\themes\foodcheesecorner\404.php(60): get_footer()
#4 D:\Logiciel\wamp64\www\wordpress\wp-includes\template-loader.php(74): include('D:\\Logiciel\\wam...')
#5 D:\Logiciel\wamp64\www\wordpress\wp-blog-header.php(19): require_once('D:\\Logiciel\\wam...')
#6 D:\Logiciel\wamp64\www\wordpress\index.php(17): require('D:\\Logiciel\\wam...')
#7 {main}
  thrown

2018-07-28T14:14:10+00:00 CRITICAL Uncaught Error: Call to undefined function get_footer_content() in D:\Logiciel\wamp64\www\wordpress\wp-content\themes\foodcheesecorner\footer.php:18
Stack trace:
#0 D:\Logiciel\wamp64\www\wordpress\wp-includes\template.php(688): require_once()
#1 D:\Logiciel\wamp64\www\wordpress\wp-includes\template.php(647): load_template('D:\\Logiciel\\wam...', true)
#2 D:\Logiciel\wamp64\www\wordpress\wp-includes\general-template.php(76): locate_template(Array, true)
#3 D:\Logiciel\wamp64\www\wordpress\wp-content\themes\foodcheesecorner\404.php(60): get_footer()
#4 D:\Logiciel\wamp64\www\wordpress\wp-includes\template-loader.php(74): include('D:\\Logiciel\\wam...')
#5 D:\Logiciel\wamp64\www\wordpress\wp-blog-header.php(19): require_once('D:\\Logiciel\\wam...')
#6 D:\Logiciel\wamp64\www\wordpress\index.php(17): require('D:\\Logiciel\\wam...')
#7 {main}
  thrown

2018-07-28T14:14:24+00:00 CRITICAL Uncaught Error: Call to undefined function get_footer_content() in D:\Logiciel\wamp64\www\wordpress\wp-content\themes\foodcheesecorner\footer.php:18
Stack trace:
#0 D:\Logiciel\wamp64\www\wordpress\wp-includes\template.php(688): require_once()
#1 D:\Logiciel\wamp64\www\wordpress\wp-includes\template.php(647): load_template('D:\\Logiciel\\wam...', true)
#2 D:\Logiciel\wamp64\www\wordpress\wp-includes\general-template.php(76): locate_template(Array, true)
#3 D:\Logiciel\wamp64\www\wordpress\wp-content\themes\foodcheesecorner\404.php(60): get_footer()
#4 D:\Logiciel\wamp64\www\wordpress\wp-includes\template-loader.php(74): include('D:\\Logiciel\\wam...')
#5 D:\Logiciel\wamp64\www\wordpress\wp-blog-header.php(19): require_once('D:\\Logiciel\\wam...')
#6 D:\Logiciel\wamp64\www\wordpress\index.php(17): require('D:\\Logiciel\\wam...')
#7 {main}
  thrown

2018-07-28T14:14:39+00:00 CRITICAL Uncaught Error: Call to undefined function get_footer_content() in D:\Logiciel\wamp64\www\wordpress\wp-content\themes\foodcheesecorner\footer.php:18
Stack trace:
#0 D:\Logiciel\wamp64\www\wordpress\wp-includes\template.php(688): require_once()
#1 D:\Logiciel\wamp64\www\wordpress\wp-includes\template.php(647): load_template('D:\\Logiciel\\wam...', true)
#2 D:\Logiciel\wamp64\www\wordpress\wp-includes\general-template.php(76): locate_template(Array, true)
#3 D:\Logiciel\wamp64\www\wordpress\wp-content\themes\foodcheesecorner\404.php(60): get_footer()
#4 D:\Logiciel\wamp64\www\wordpress\wp-includes\template-loader.php(74): include('D:\\Logiciel\\wam...')
#5 D:\Logiciel\wamp64\www\wordpress\wp-blog-header.php(19): require_once('D:\\Logiciel\\wam...')
#6 D:\Logiciel\wamp64\www\wordpress\index.php(17): require('D:\\Logiciel\\wam...')
#7 {main}
  thrown

2018-07-28T14:15:55+00:00 CRITICAL Uncaught Error: Call to undefined function get_footer_content() in D:\Logiciel\wamp64\www\wordpress\wp-content\themes\foodcheesecorner\footer.php:18
Stack trace:
#0 D:\Logiciel\wamp64\www\wordpress\wp-includes\template.php(688): require_once()
#1 D:\Logiciel\wamp64\www\wordpress\wp-includes\template.php(647): load_template('D:\\Logiciel\\wam...', true)
#2 D:\Logiciel\wamp64\www\wordpress\wp-includes\general-template.php(76): locate_template(Array, true)
#3 D:\Logiciel\wamp64\www\wordpress\wp-content\themes\foodcheesecorner\404.php(60): get_footer()
#4 D:\Logiciel\wamp64\www\wordpress\wp-includes\template-loader.php(74): include('D:\\Logiciel\\wam...')
#5 D:\Logiciel\wamp64\www\wordpress\wp-blog-header.php(19): require_once('D:\\Logiciel\\wam...')
#6 D:\Logiciel\wamp64\www\wordpress\index.php(17): require('D:\\Logiciel\\wam...')
#7 {main}
  thrown

2018-07-28T14:16:11+00:00 CRITICAL Uncaught Error: Call to undefined function get_footer_content() in D:\Logiciel\wamp64\www\wordpress\wp-content\themes\foodcheesecorner\footer.php:18
Stack trace:
#0 D:\Logiciel\wamp64\www\wordpress\wp-includes\template.php(688): require_once()
#1 D:\Logiciel\wamp64\www\wordpress\wp-includes\template.php(647): load_template('D:\\Logiciel\\wam...', true)
#2 D:\Logiciel\wamp64\www\wordpress\wp-includes\general-template.php(76): locate_template(Array, true)
#3 D:\Logiciel\wamp64\www\wordpress\wp-content\themes\foodcheesecorner\404.php(60): get_footer()
#4 D:\Logiciel\wamp64\www\wordpress\wp-includes\template-loader.php(74): include('D:\\Logiciel\\wam...')
#5 D:\Logiciel\wamp64\www\wordpress\wp-blog-header.php(19): require_once('D:\\Logiciel\\wam...')
#6 D:\Logiciel\wamp64\www\wordpress\index.php(17): require('D:\\Logiciel\\wam...')
#7 {main}
  thrown

2018-07-28T14:16:24+00:00 CRITICAL Uncaught Error: Call to a member function add_node() on string in D:\Logiciel\wamp64\www\wordpress\wp-content\plugins\FCC\Functionality\Footer_Builder.php:56
Stack trace:
#0 D:\Logiciel\wamp64\www\wordpress\wp-includes\class-wp-hook.php(286): Functionality\Footer_Builder->custom_button_example('')
#1 D:\Logiciel\wamp64\www\wordpress\wp-includes\class-wp-hook.php(310): WP_Hook->apply_filters(NULL, Array)
#2 D:\Logiciel\wamp64\www\wordpress\wp-includes\plugin.php(453): WP_Hook->do_action(Array)
#3 D:\Logiciel\wamp64\www\wordpress\wp-settings.php(450): do_action('init')
#4 D:\Logiciel\wamp64\www\wordpress\wp-config.php(89): require_once('D:\\Logiciel\\wam...')
#5 D:\Logiciel\wamp64\www\wordpress\wp-load.php(37): require_once('D:\\Logiciel\\wam...')
#6 D:\Logiciel\wamp64\www\wordpress\wp-admin\admin.php(31): require_once('D:\\Logiciel\\wam...')
#7 D:\Logiciel\wamp64\www\wordpress\wp-admin\index.php(10): require_once('D:\\Logiciel\\wam...')
#8 {main}
  thrown

2018-07-28T14:20:16+00:00 CRITICAL Uncaught Error: Call to undefined function get_footer_content() in D:\Logiciel\wamp64\www\wordpress\wp-content\themes\foodcheesecorner\footer.php:18
Stack trace:
#0 D:\Logiciel\wamp64\www\wordpress\wp-includes\template.php(688): require_once()
#1 D:\Logiciel\wamp64\www\wordpress\wp-includes\template.php(647): load_template('D:\\Logiciel\\wam...', true)
#2 D:\Logiciel\wamp64\www\wordpress\wp-includes\general-template.php(76): locate_template(Array, true)
#3 D:\Logiciel\wamp64\www\wordpress\wp-content\themes\foodcheesecorner\404.php(60): get_footer()
#4 D:\Logiciel\wamp64\www\wordpress\wp-includes\template-loader.php(74): include('D:\\Logiciel\\wam...')
#5 D:\Logiciel\wamp64\www\wordpress\wp-blog-header.php(19): require_once('D:\\Logiciel\\wam...')
#6 D:\Logiciel\wamp64\www\wordpress\index.php(17): require('D:\\Logiciel\\wam...')
#7 {main}
  thrown

2018-07-28T14:20:19+00:00 CRITICAL Uncaught Error: Call to undefined function get_footer_content() in D:\Logiciel\wamp64\www\wordpress\wp-content\themes\foodcheesecorner\footer.php:18
Stack trace:
#0 D:\Logiciel\wamp64\www\wordpress\wp-includes\template.php(688): require_once()
#1 D:\Logiciel\wamp64\www\wordpress\wp-includes\template.php(647): load_template('D:\\Logiciel\\wam...', true)
#2 D:\Logiciel\wamp64\www\wordpress\wp-includes\general-template.php(76): locate_template(Array, true)
#3 D:\Logiciel\wamp64\www\wordpress\wp-content\themes\foodcheesecorner\404.php(60): get_footer()
#4 D:\Logiciel\wamp64\www\wordpress\wp-includes\template-loader.php(74): include('D:\\Logiciel\\wam...')
#5 D:\Logiciel\wamp64\www\wordpress\wp-blog-header.php(19): require_once('D:\\Logiciel\\wam...')
#6 D:\Logiciel\wamp64\www\wordpress\index.php(17): require('D:\\Logiciel\\wam...')
#7 {main}
  thrown

2018-07-28T14:20:37+00:00 CRITICAL Uncaught Error: Call to undefined function get_footer_content() in D:\Logiciel\wamp64\www\wordpress\wp-content\themes\foodcheesecorner\footer.php:18
Stack trace:
#0 D:\Logiciel\wamp64\www\wordpress\wp-includes\template.php(688): require_once()
#1 D:\Logiciel\wamp64\www\wordpress\wp-includes\template.php(647): load_template('D:\\Logiciel\\wam...', true)
#2 D:\Logiciel\wamp64\www\wordpress\wp-includes\general-template.php(76): locate_template(Array, true)
#3 D:\Logiciel\wamp64\www\wordpress\wp-content\themes\foodcheesecorner\404.php(60): get_footer()
#4 D:\Logiciel\wamp64\www\wordpress\wp-includes\template-loader.php(74): include('D:\\Logiciel\\wam...')
#5 D:\Logiciel\wamp64\www\wordpress\wp-blog-header.php(19): require_once('D:\\Logiciel\\wam...')
#6 D:\Logiciel\wamp64\www\wordpress\index.php(17): require('D:\\Logiciel\\wam...')
#7 {main}
  thrown

2018-07-28T14:20:40+00:00 CRITICAL Uncaught Error: Call to undefined function get_footer_content() in D:\Logiciel\wamp64\www\wordpress\wp-content\themes\foodcheesecorner\footer.php:18
Stack trace:
#0 D:\Logiciel\wamp64\www\wordpress\wp-includes\template.php(688): require_once()
#1 D:\Logiciel\wamp64\www\wordpress\wp-includes\template.php(647): load_template('D:\\Logiciel\\wam...', true)
#2 D:\Logiciel\wamp64\www\wordpress\wp-includes\general-template.php(76): locate_template(Array, true)
#3 D:\Logiciel\wamp64\www\wordpress\wp-content\themes\foodcheesecorner\404.php(60): get_footer()
#4 D:\Logiciel\wamp64\www\wordpress\wp-includes\template-loader.php(74): include('D:\\Logiciel\\wam...')
#5 D:\Logiciel\wamp64\www\wordpress\wp-blog-header.php(19): require_once('D:\\Logiciel\\wam...')
#6 D:\Logiciel\wamp64\www\wordpress\index.php(17): require('D:\\Logiciel\\wam...')
#7 {main}
  thrown

2018-07-28T14:20:46+00:00 CRITICAL Uncaught Error: Call to undefined function get_footer_content() in D:\Logiciel\wamp64\www\wordpress\wp-content\themes\foodcheesecorner\footer.php:18
Stack trace:
#0 D:\Logiciel\wamp64\www\wordpress\wp-includes\template.php(688): require_once()
#1 D:\Logiciel\wamp64\www\wordpress\wp-includes\template.php(647): load_template('D:\\Logiciel\\wam...', true)
#2 D:\Logiciel\wamp64\www\wordpress\wp-includes\general-template.php(76): locate_template(Array, true)
#3 D:\Logiciel\wamp64\www\wordpress\wp-content\themes\foodcheesecorner\404.php(60): get_footer()
#4 D:\Logiciel\wamp64\www\wordpress\wp-includes\template-loader.php(74): include('D:\\Logiciel\\wam...')
#5 D:\Logiciel\wamp64\www\wordpress\wp-blog-header.php(19): require_once('D:\\Logiciel\\wam...')
#6 D:\Logiciel\wamp64\www\wordpress\index.php(17): require('D:\\Logiciel\\wam...')
#7 {main}
  thrown

2018-07-28T14:20:47+00:00 CRITICAL Uncaught Error: Call to undefined function get_footer_content() in D:\Logiciel\wamp64\www\wordpress\wp-content\themes\foodcheesecorner\footer.php:18
Stack trace:
#0 D:\Logiciel\wamp64\www\wordpress\wp-includes\template.php(688): require_once()
#1 D:\Logiciel\wamp64\www\wordpress\wp-includes\template.php(647): load_template('D:\\Logiciel\\wam...', true)
#2 D:\Logiciel\wamp64\www\wordpress\wp-includes\general-template.php(76): locate_template(Array, true)
#3 D:\Logiciel\wamp64\www\wordpress\wp-content\themes\foodcheesecorner\404.php(60): get_footer()
#4 D:\Logiciel\wamp64\www\wordpress\wp-includes\template-loader.php(74): include('D:\\Logiciel\\wam...')
#5 D:\Logiciel\wamp64\www\wordpress\wp-blog-header.php(19): require_once('D:\\Logiciel\\wam...')
#6 D:\Logiciel\wamp64\www\wordpress\index.php(17): require('D:\\Logiciel\\wam...')
#7 {main}
  thrown

2018-07-28T14:20:56+00:00 CRITICAL Uncaught Error: Call to undefined function get_footer_content() in D:\Logiciel\wamp64\www\wordpress\wp-content\themes\foodcheesecorner\footer.php:18
Stack trace:
#0 D:\Logiciel\wamp64\www\wordpress\wp-includes\template.php(688): require_once()
#1 D:\Logiciel\wamp64\www\wordpress\wp-includes\template.php(647): load_template('D:\\Logiciel\\wam...', true)
#2 D:\Logiciel\wamp64\www\wordpress\wp-includes\general-template.php(76): locate_template(Array, true)
#3 D:\Logiciel\wamp64\www\wordpress\wp-content\themes\foodcheesecorner\404.php(60): get_footer()
#4 D:\Logiciel\wamp64\www\wordpress\wp-includes\template-loader.php(74): include('D:\\Logiciel\\wam...')
#5 D:\Logiciel\wamp64\www\wordpress\wp-blog-header.php(19): require_once('D:\\Logiciel\\wam...')
#6 D:\Logiciel\wamp64\www\wordpress\index.php(17): require('D:\\Logiciel\\wam...')
#7 {main}
  thrown

2018-07-28T14:21:11+00:00 CRITICAL Uncaught Error: Call to undefined function get_footer_content() in D:\Logiciel\wamp64\www\wordpress\wp-content\themes\foodcheesecorner\footer.php:18
Stack trace:
#0 D:\Logiciel\wamp64\www\wordpress\wp-includes\template.php(688): require_once()
#1 D:\Logiciel\wamp64\www\wordpress\wp-includes\template.php(647): load_template('D:\\Logiciel\\wam...', true)
#2 D:\Logiciel\wamp64\www\wordpress\wp-includes\general-template.php(76): locate_template(Array, true)
#3 D:\Logiciel\wamp64\www\wordpress\wp-content\themes\foodcheesecorner\404.php(60): get_footer()
#4 D:\Logiciel\wamp64\www\wordpress\wp-includes\template-loader.php(74): include('D:\\Logiciel\\wam...')
#5 D:\Logiciel\wamp64\www\wordpress\wp-blog-header.php(19): require_once('D:\\Logiciel\\wam...')
#6 D:\Logiciel\wamp64\www\wordpress\index.php(17): require('D:\\Logiciel\\wam...')
#7 {main}
  thrown

2018-07-28T14:22:13+00:00 CRITICAL Uncaught Error: Call to undefined function get_footer_content() in D:\Logiciel\wamp64\www\wordpress\wp-content\themes\foodcheesecorner\footer.php:18
Stack trace:
#0 D:\Logiciel\wamp64\www\wordpress\wp-includes\template.php(688): require_once()
#1 D:\Logiciel\wamp64\www\wordpress\wp-includes\template.php(647): load_template('D:\\Logiciel\\wam...', true)
#2 D:\Logiciel\wamp64\www\wordpress\wp-includes\general-template.php(76): locate_template(Array, true)
#3 D:\Logiciel\wamp64\www\wordpress\wp-content\themes\foodcheesecorner\404.php(60): get_footer()
#4 D:\Logiciel\wamp64\www\wordpress\wp-includes\template-loader.php(74): include('D:\\Logiciel\\wam...')
#5 D:\Logiciel\wamp64\www\wordpress\wp-blog-header.php(19): require_once('D:\\Logiciel\\wam...')
#6 D:\Logiciel\wamp64\www\wordpress\index.php(17): require('D:\\Logiciel\\wam...')
#7 {main}
  thrown

2018-07-28T14:22:17+00:00 CRITICAL Uncaught Error: Call to undefined function get_footer_content() in D:\Logiciel\wamp64\www\wordpress\wp-content\themes\foodcheesecorner\footer.php:18
Stack trace:
#0 D:\Logiciel\wamp64\www\wordpress\wp-includes\template.php(688): require_once()
#1 D:\Logiciel\wamp64\www\wordpress\wp-includes\template.php(647): load_template('D:\\Logiciel\\wam...', true)
#2 D:\Logiciel\wamp64\www\wordpress\wp-includes\general-template.php(76): locate_template(Array, true)
#3 D:\Logiciel\wamp64\www\wordpress\wp-content\themes\foodcheesecorner\404.php(60): get_footer()
#4 D:\Logiciel\wamp64\www\wordpress\wp-includes\template-loader.php(74): include('D:\\Logiciel\\wam...')
#5 D:\Logiciel\wamp64\www\wordpress\wp-blog-header.php(19): require_once('D:\\Logiciel\\wam...')
#6 D:\Logiciel\wamp64\www\wordpress\index.php(17): require('D:\\Logiciel\\wam...')
#7 {main}
  thrown

2018-07-28T14:22:20+00:00 CRITICAL Uncaught Error: Call to undefined function get_footer_content() in D:\Logiciel\wamp64\www\wordpress\wp-content\themes\foodcheesecorner\footer.php:18
Stack trace:
#0 D:\Logiciel\wamp64\www\wordpress\wp-includes\template.php(688): require_once()
#1 D:\Logiciel\wamp64\www\wordpress\wp-includes\template.php(647): load_template('D:\\Logiciel\\wam...', true)
#2 D:\Logiciel\wamp64\www\wordpress\wp-includes\general-template.php(76): locate_template(Array, true)
#3 D:\Logiciel\wamp64\www\wordpress\wp-content\themes\foodcheesecorner\404.php(60): get_footer()
#4 D:\Logiciel\wamp64\www\wordpress\wp-includes\template-loader.php(74): include('D:\\Logiciel\\wam...')
#5 D:\Logiciel\wamp64\www\wordpress\wp-blog-header.php(19): require_once('D:\\Logiciel\\wam...')
#6 D:\Logiciel\wamp64\www\wordpress\index.php(17): require('D:\\Logiciel\\wam...')
#7 {main}
  thrown

2018-07-28T14:22:41+00:00 CRITICAL Uncaught Error: Call to undefined function get_footer_content() in D:\Logiciel\wamp64\www\wordpress\wp-content\themes\foodcheesecorner\footer.php:18
Stack trace:
#0 D:\Logiciel\wamp64\www\wordpress\wp-includes\template.php(688): require_once()
#1 D:\Logiciel\wamp64\www\wordpress\wp-includes\template.php(647): load_template('D:\\Logiciel\\wam...', true)
#2 D:\Logiciel\wamp64\www\wordpress\wp-includes\general-template.php(76): locate_template(Array, true)
#3 D:\Logiciel\wamp64\www\wordpress\wp-content\themes\foodcheesecorner\404.php(60): get_footer()
#4 D:\Logiciel\wamp64\www\wordpress\wp-includes\template-loader.php(74): include('D:\\Logiciel\\wam...')
#5 D:\Logiciel\wamp64\www\wordpress\wp-blog-header.php(19): require_once('D:\\Logiciel\\wam...')
#6 D:\Logiciel\wamp64\www\wordpress\index.php(17): require('D:\\Logiciel\\wam...')
#7 {main}
  thrown

2018-07-28T14:22:49+00:00 CRITICAL Uncaught Error: Call to undefined function get_footer_content() in D:\Logiciel\wamp64\www\wordpress\wp-content\themes\foodcheesecorner\footer.php:18
Stack trace:
#0 D:\Logiciel\wamp64\www\wordpress\wp-includes\template.php(688): require_once()
#1 D:\Logiciel\wamp64\www\wordpress\wp-includes\template.php(647): load_template('D:\\Logiciel\\wam...', true)
#2 D:\Logiciel\wamp64\www\wordpress\wp-includes\general-template.php(76): locate_template(Array, true)
#3 D:\Logiciel\wamp64\www\wordpress\wp-content\themes\foodcheesecorner\404.php(60): get_footer()
#4 D:\Logiciel\wamp64\www\wordpress\wp-includes\template-loader.php(74): include('D:\\Logiciel\\wam...')
#5 D:\Logiciel\wamp64\www\wordpress\wp-blog-header.php(19): require_once('D:\\Logiciel\\wam...')
#6 D:\Logiciel\wamp64\www\wordpress\index.php(17): require('D:\\Logiciel\\wam...')
#7 {main}
  thrown

2018-07-28T14:25:26+00:00 CRITICAL Uncaught Error: Call to undefined function get_footer_content() in D:\Logiciel\wamp64\www\wordpress\wp-content\themes\foodcheesecorner\footer.php:18
Stack trace:
#0 D:\Logiciel\wamp64\www\wordpress\wp-includes\template.php(688): require_once()
#1 D:\Logiciel\wamp64\www\wordpress\wp-includes\template.php(647): load_template('D:\\Logiciel\\wam...', true)
#2 D:\Logiciel\wamp64\www\wordpress\wp-includes\general-template.php(76): locate_template(Array, true)
#3 D:\Logiciel\wamp64\www\wordpress\wp-content\themes\foodcheesecorner\404.php(60): get_footer()
#4 D:\Logiciel\wamp64\www\wordpress\wp-includes\template-loader.php(74): include('D:\\Logiciel\\wam...')
#5 D:\Logiciel\wamp64\www\wordpress\wp-blog-header.php(19): require_once('D:\\Logiciel\\wam...')
#6 D:\Logiciel\wamp64\www\wordpress\index.php(17): require('D:\\Logiciel\\wam...')
#7 {main}
  thrown

2018-07-28T14:26:34+00:00 CRITICAL Uncaught Error: Call to undefined function get_footer_content() in D:\Logiciel\wamp64\www\wordpress\wp-content\themes\foodcheesecorner\footer.php:18
Stack trace:
#0 D:\Logiciel\wamp64\www\wordpress\wp-includes\template.php(688): require_once()
#1 D:\Logiciel\wamp64\www\wordpress\wp-includes\template.php(647): load_template('D:\\Logiciel\\wam...', true)
#2 D:\Logiciel\wamp64\www\wordpress\wp-includes\general-template.php(76): locate_template(Array, true)
#3 D:\Logiciel\wamp64\www\wordpress\wp-content\themes\foodcheesecorner\404.php(60): get_footer()
#4 D:\Logiciel\wamp64\www\wordpress\wp-includes\template-loader.php(74): include('D:\\Logiciel\\wam...')
#5 D:\Logiciel\wamp64\www\wordpress\wp-blog-header.php(19): require_once('D:\\Logiciel\\wam...')
#6 D:\Logiciel\wamp64\www\wordpress\index.php(17): require('D:\\Logiciel\\wam...')
#7 {main}
  thrown

2018-07-28T14:44:10+00:00 CRITICAL Uncaught Error: Call to undefined function get_footer_content() in D:\Logiciel\wamp64\www\wordpress\wp-content\themes\foodcheesecorner\footer.php:18
Stack trace:
#0 D:\Logiciel\wamp64\www\wordpress\wp-includes\template.php(688): require_once()
#1 D:\Logiciel\wamp64\www\wordpress\wp-includes\template.php(647): load_template('D:\\Logiciel\\wam...', true)
#2 D:\Logiciel\wamp64\www\wordpress\wp-includes\general-template.php(76): locate_template(Array, true)
#3 D:\Logiciel\wamp64\www\wordpress\wp-content\themes\foodcheesecorner\404.php(60): get_footer()
#4 D:\Logiciel\wamp64\www\wordpress\wp-includes\template-loader.php(74): include('D:\\Logiciel\\wam...')
#5 D:\Logiciel\wamp64\www\wordpress\wp-blog-header.php(19): require_once('D:\\Logiciel\\wam...')
#6 D:\Logiciel\wamp64\www\wordpress\index.php(17): require('D:\\Logiciel\\wam...')
#7 {main}
  thrown

2018-07-28T14:44:23+00:00 CRITICAL Uncaught Error: Call to undefined function get_footer_content() in D:\Logiciel\wamp64\www\wordpress\wp-content\themes\foodcheesecorner\footer.php:18
Stack trace:
#0 D:\Logiciel\wamp64\www\wordpress\wp-includes\template.php(688): require_once()
#1 D:\Logiciel\wamp64\www\wordpress\wp-includes\template.php(647): load_template('D:\\Logiciel\\wam...', true)
#2 D:\Logiciel\wamp64\www\wordpress\wp-includes\general-template.php(76): locate_template(Array, true)
#3 D:\Logiciel\wamp64\www\wordpress\wp-content\themes\foodcheesecorner\404.php(60): get_footer()
#4 D:\Logiciel\wamp64\www\wordpress\wp-includes\template-loader.php(74): include('D:\\Logiciel\\wam...')
#5 D:\Logiciel\wamp64\www\wordpress\wp-blog-header.php(19): require_once('D:\\Logiciel\\wam...')
#6 D:\Logiciel\wamp64\www\wordpress\index.php(17): require('D:\\Logiciel\\wam...')
#7 {main}
  thrown

2018-07-28T14:49:27+00:00 CRITICAL Uncaught Error: Call to undefined function get_footer_content() in D:\Logiciel\wamp64\www\wordpress\wp-content\themes\foodcheesecorner\footer.php:18
Stack trace:
#0 D:\Logiciel\wamp64\www\wordpress\wp-includes\template.php(688): require_once()
#1 D:\Logiciel\wamp64\www\wordpress\wp-includes\template.php(647): load_template('D:\\Logiciel\\wam...', true)
#2 D:\Logiciel\wamp64\www\wordpress\wp-includes\general-template.php(76): locate_template(Array, true)
#3 D:\Logiciel\wamp64\www\wordpress\wp-content\themes\foodcheesecorner\404.php(60): get_footer()
#4 D:\Logiciel\wamp64\www\wordpress\wp-includes\template-loader.php(74): include('D:\\Logiciel\\wam...')
#5 D:\Logiciel\wamp64\www\wordpress\wp-blog-header.php(19): require_once('D:\\Logiciel\\wam...')
#6 D:\Logiciel\wamp64\www\wordpress\index.php(17): require('D:\\Logiciel\\wam...')
#7 {main}
  thrown

2018-07-28T14:49:35+00:00 CRITICAL Uncaught Error: Call to undefined function get_footer_content() in D:\Logiciel\wamp64\www\wordpress\wp-content\themes\foodcheesecorner\footer.php:18
Stack trace:
#0 D:\Logiciel\wamp64\www\wordpress\wp-includes\template.php(688): require_once()
#1 D:\Logiciel\wamp64\www\wordpress\wp-includes\template.php(647): load_template('D:\\Logiciel\\wam...', true)
#2 D:\Logiciel\wamp64\www\wordpress\wp-includes\general-template.php(76): locate_template(Array, true)
#3 D:\Logiciel\wamp64\www\wordpress\wp-content\themes\foodcheesecorner\404.php(60): get_footer()
#4 D:\Logiciel\wamp64\www\wordpress\wp-includes\template-loader.php(74): include('D:\\Logiciel\\wam...')
#5 D:\Logiciel\wamp64\www\wordpress\wp-blog-header.php(19): require_once('D:\\Logiciel\\wam...')
#6 D:\Logiciel\wamp64\www\wordpress\index.php(17): require('D:\\Logiciel\\wam...')
#7 {main}
  thrown

2018-07-28T14:49:41+00:00 CRITICAL Uncaught Error: Call to undefined function get_footer_content() in D:\Logiciel\wamp64\www\wordpress\wp-content\themes\foodcheesecorner\footer.php:18
Stack trace:
#0 D:\Logiciel\wamp64\www\wordpress\wp-includes\template.php(688): require_once()
#1 D:\Logiciel\wamp64\www\wordpress\wp-includes\template.php(647): load_template('D:\\Logiciel\\wam...', true)
#2 D:\Logiciel\wamp64\www\wordpress\wp-includes\general-template.php(76): locate_template(Array, true)
#3 D:\Logiciel\wamp64\www\wordpress\wp-content\themes\foodcheesecorner\404.php(60): get_footer()
#4 D:\Logiciel\wamp64\www\wordpress\wp-includes\template-loader.php(74): include('D:\\Logiciel\\wam...')
#5 D:\Logiciel\wamp64\www\wordpress\wp-blog-header.php(19): require_once('D:\\Logiciel\\wam...')
#6 D:\Logiciel\wamp64\www\wordpress\index.php(17): require('D:\\Logiciel\\wam...')
#7 {main}
  thrown

2018-07-28T14:51:28+00:00 CRITICAL Uncaught Error: Call to undefined function get_footer_content() in D:\Logiciel\wamp64\www\wordpress\wp-content\themes\foodcheesecorner\footer.php:18
Stack trace:
#0 D:\Logiciel\wamp64\www\wordpress\wp-includes\template.php(688): require_once()
#1 D:\Logiciel\wamp64\www\wordpress\wp-includes\template.php(647): load_template('D:\\Logiciel\\wam...', true)
#2 D:\Logiciel\wamp64\www\wordpress\wp-includes\general-template.php(76): locate_template(Array, true)
#3 D:\Logiciel\wamp64\www\wordpress\wp-content\themes\foodcheesecorner\404.php(60): get_footer()
#4 D:\Logiciel\wamp64\www\wordpress\wp-includes\template-loader.php(74): include('D:\\Logiciel\\wam...')
#5 D:\Logiciel\wamp64\www\wordpress\wp-blog-header.php(19): require_once('D:\\Logiciel\\wam...')
#6 D:\Logiciel\wamp64\www\wordpress\index.php(17): require('D:\\Logiciel\\wam...')
#7 {main}
  thrown

2018-07-28T14:51:30+00:00 CRITICAL Uncaught Error: Call to undefined function get_footer_content() in D:\Logiciel\wamp64\www\wordpress\wp-content\themes\foodcheesecorner\footer.php:18
Stack trace:
#0 D:\Logiciel\wamp64\www\wordpress\wp-includes\template.php(688): require_once()
#1 D:\Logiciel\wamp64\www\wordpress\wp-includes\template.php(647): load_template('D:\\Logiciel\\wam...', true)
#2 D:\Logiciel\wamp64\www\wordpress\wp-includes\general-template.php(76): locate_template(Array, true)
#3 D:\Logiciel\wamp64\www\wordpress\wp-content\themes\foodcheesecorner\404.php(60): get_footer()
#4 D:\Logiciel\wamp64\www\wordpress\wp-includes\template-loader.php(74): include('D:\\Logiciel\\wam...')
#5 D:\Logiciel\wamp64\www\wordpress\wp-blog-header.php(19): require_once('D:\\Logiciel\\wam...')
#6 D:\Logiciel\wamp64\www\wordpress\index.php(17): require('D:\\Logiciel\\wam...')
#7 {main}
  thrown

2018-07-28T14:51:32+00:00 CRITICAL Uncaught Error: Call to undefined function get_footer_content() in D:\Logiciel\wamp64\www\wordpress\wp-content\themes\foodcheesecorner\footer.php:18
Stack trace:
#0 D:\Logiciel\wamp64\www\wordpress\wp-includes\template.php(688): require_once()
#1 D:\Logiciel\wamp64\www\wordpress\wp-includes\template.php(647): load_template('D:\\Logiciel\\wam...', true)
#2 D:\Logiciel\wamp64\www\wordpress\wp-includes\general-template.php(76): locate_template(Array, true)
#3 D:\Logiciel\wamp64\www\wordpress\wp-content\themes\foodcheesecorner\page.php(34): get_footer()
#4 D:\Logiciel\wamp64\www\wordpress\wp-includes\template-loader.php(74): include('D:\\Logiciel\\wam...')
#5 D:\Logiciel\wamp64\www\wordpress\wp-blog-header.php(19): require_once('D:\\Logiciel\\wam...')
#6 D:\Logiciel\wamp64\www\wordpress\index.php(17): require('D:\\Logiciel\\wam...')
#7 {main}
  thrown

2018-07-28T14:52:56+00:00 CRITICAL Uncaught Error: Call to undefined function get_footer_content() in D:\Logiciel\wamp64\www\wordpress\wp-content\themes\foodcheesecorner\footer.php:18
Stack trace:
#0 D:\Logiciel\wamp64\www\wordpress\wp-includes\template.php(688): require_once()
#1 D:\Logiciel\wamp64\www\wordpress\wp-includes\template.php(647): load_template('D:\\Logiciel\\wam...', true)
#2 D:\Logiciel\wamp64\www\wordpress\wp-includes\general-template.php(76): locate_template(Array, true)
#3 D:\Logiciel\wamp64\www\wordpress\wp-content\themes\foodcheesecorner\page.php(34): get_footer()
#4 D:\Logiciel\wamp64\www\wordpress\wp-includes\template-loader.php(74): include('D:\\Logiciel\\wam...')
#5 D:\Logiciel\wamp64\www\wordpress\wp-blog-header.php(19): require_once('D:\\Logiciel\\wam...')
#6 D:\Logiciel\wamp64\www\wordpress\index.php(17): require('D:\\Logiciel\\wam...')
#7 {main}
  thrown

2018-07-28T14:53:11+00:00 CRITICAL Uncaught Error: Call to undefined function get_footer_content() in D:\Logiciel\wamp64\www\wordpress\wp-content\themes\foodcheesecorner\footer.php:18
Stack trace:
#0 D:\Logiciel\wamp64\www\wordpress\wp-includes\template.php(688): require_once()
#1 D:\Logiciel\wamp64\www\wordpress\wp-includes\template.php(647): load_template('D:\\Logiciel\\wam...', true)
#2 D:\Logiciel\wamp64\www\wordpress\wp-includes\general-template.php(76): locate_template(Array, true)
#3 D:\Logiciel\wamp64\www\wordpress\wp-content\themes\foodcheesecorner\page.php(34): get_footer()
#4 D:\Logiciel\wamp64\www\wordpress\wp-includes\template-loader.php(74): include('D:\\Logiciel\\wam...')
#5 D:\Logiciel\wamp64\www\wordpress\wp-blog-header.php(19): require_once('D:\\Logiciel\\wam...')
#6 D:\Logiciel\wamp64\www\wordpress\index.php(17): require('D:\\Logiciel\\wam...')
#7 {main}
  thrown

2018-07-28T14:54:18+00:00 CRITICAL Uncaught Error: Call to undefined function get_footer_content() in D:\Logiciel\wamp64\www\wordpress\wp-content\themes\foodcheesecorner\footer.php:18
Stack trace:
#0 D:\Logiciel\wamp64\www\wordpress\wp-includes\template.php(688): require_once()
#1 D:\Logiciel\wamp64\www\wordpress\wp-includes\template.php(647): load_template('D:\\Logiciel\\wam...', true)
#2 D:\Logiciel\wamp64\www\wordpress\wp-includes\general-template.php(76): locate_template(Array, true)
#3 D:\Logiciel\wamp64\www\wordpress\wp-content\themes\foodcheesecorner\page.php(34): get_footer()
#4 D:\Logiciel\wamp64\www\wordpress\wp-includes\template-loader.php(74): include('D:\\Logiciel\\wam...')
#5 D:\Logiciel\wamp64\www\wordpress\wp-blog-header.php(19): require_once('D:\\Logiciel\\wam...')
#6 D:\Logiciel\wamp64\www\wordpress\index.php(17): require('D:\\Logiciel\\wam...')
#7 {main}
  thrown

2018-07-28T14:58:44+00:00 CRITICAL Uncaught Error: Class 'Footer_Builder' not found in D:\Logiciel\wamp64\www\wordpress\wp-content\themes\foodcheesecorner\footer.php:19
Stack trace:
#0 D:\Logiciel\wamp64\www\wordpress\wp-includes\template.php(688): require_once()
#1 D:\Logiciel\wamp64\www\wordpress\wp-includes\template.php(647): load_template('D:\\Logiciel\\wam...', true)
#2 D:\Logiciel\wamp64\www\wordpress\wp-includes\general-template.php(76): locate_template(Array, true)
#3 D:\Logiciel\wamp64\www\wordpress\wp-content\themes\foodcheesecorner\page.php(34): get_footer()
#4 D:\Logiciel\wamp64\www\wordpress\wp-includes\template-loader.php(74): include('D:\\Logiciel\\wam...')
#5 D:\Logiciel\wamp64\www\wordpress\wp-blog-header.php(19): require_once('D:\\Logiciel\\wam...')
#6 D:\Logiciel\wamp64\www\wordpress\index.php(17): require('D:\\Logiciel\\wam...')
#7 {main}
  thrown

2018-07-28T15:56:21+00:00 CRITICAL Uncaught Error: Call to undefined function Functionality\image_uploader_field() in D:\Logiciel\wamp64\www\wordpress\wp-content\plugins\FCC\Functionality\Header_Logo.php:59
Stack trace:
#0 D:\Logiciel\wamp64\www\wordpress\wp-includes\class-wp-hook.php(286): Functionality\Header_Logo->print_options_page('')
#1 D:\Logiciel\wamp64\www\wordpress\wp-includes\class-wp-hook.php(310): WP_Hook->apply_filters('', Array)
#2 D:\Logiciel\wamp64\www\wordpress\wp-includes\plugin.php(453): WP_Hook->do_action(Array)
#3 D:\Logiciel\wamp64\www\wordpress\wp-admin\admin.php(224): do_action('toplevel_page_m...')
#4 {main}
  thrown

2018-07-28T15:56:27+00:00 CRITICAL Uncaught Error: Call to undefined function Functionality\image_uploader_field() in D:\Logiciel\wamp64\www\wordpress\wp-content\plugins\FCC\Functionality\Header_Logo.php:59
Stack trace:
#0 D:\Logiciel\wamp64\www\wordpress\wp-includes\class-wp-hook.php(286): Functionality\Header_Logo->print_options_page('')
#1 D:\Logiciel\wamp64\www\wordpress\wp-includes\class-wp-hook.php(310): WP_Hook->apply_filters('', Array)
#2 D:\Logiciel\wamp64\www\wordpress\wp-includes\plugin.php(453): WP_Hook->do_action(Array)
#3 D:\Logiciel\wamp64\www\wordpress\wp-admin\admin.php(224): do_action('toplevel_page_m...')
#4 {main}
  thrown

2018-07-28T15:56:39+00:00 CRITICAL Uncaught Error: Call to undefined function Functionality\image_uploader_field() in D:\Logiciel\wamp64\www\wordpress\wp-content\plugins\FCC\Functionality\Header_Logo.php:59
Stack trace:
#0 D:\Logiciel\wamp64\www\wordpress\wp-includes\class-wp-hook.php(286): Functionality\Header_Logo->print_options_page('')
#1 D:\Logiciel\wamp64\www\wordpress\wp-includes\class-wp-hook.php(310): WP_Hook->apply_filters('', Array)
#2 D:\Logiciel\wamp64\www\wordpress\wp-includes\plugin.php(453): WP_Hook->do_action(Array)
#3 D:\Logiciel\wamp64\www\wordpress\wp-admin\admin.php(224): do_action('toplevel_page_m...')
#4 {main}
  thrown

2018-07-28T16:32:36+00:00 CRITICAL Uncaught Error: Class 'Widget_Product_Filter' not found in D:\Logiciel\wamp64\www\wordpress\wp-includes\class-wp-widget-factory.php:100
Stack trace:
#0 D:\Logiciel\wamp64\www\wordpress\wp-includes\widgets.php(115): WP_Widget_Factory->register('Widget_Product_...')
#1 D:\Logiciel\wamp64\www\wordpress\wp-content\plugins\FCC\Functionality\Widget_Product_Filter.php(38): register_widget('Widget_Product_...')
#2 D:\Logiciel\wamp64\www\wordpress\wp-includes\class-wp-hook.php(286): Functionality\Widget_Product_Filter->register_product_filter('')
#3 D:\Logiciel\wamp64\www\wordpress\wp-includes\class-wp-hook.php(310): WP_Hook->apply_filters('', Array)
#4 D:\Logiciel\wamp64\www\wordpress\wp-includes\plugin.php(453): WP_Hook->do_action(Array)
#5 D:\Logiciel\wamp64\www\wordpress\wp-includes\widgets.php(1649): do_action('widgets_init')
#6 D:\Logiciel\wamp64\www\wordpress\wp-includes\class-wp-hook.php(286): wp_widgets_init('')
#7 D:\Logiciel\wamp64\www\wordpress\wp-includes\class-wp-hook.php(310): WP_Hook->apply_filters(NUL

2018-07-28T16:38:30+00:00 CRITICAL Uncaught Error: Class name must be a valid object or a string in D:\Logiciel\wamp64\www\wordpress\wp-includes\class-wp-widget-factory.php:100
Stack trace:
#0 D:\Logiciel\wamp64\www\wordpress\wp-includes\widgets.php(115): WP_Widget_Factory->register(NULL)
#1 D:\Logiciel\wamp64\www\wordpress\wp-content\plugins\FCC\Functionality\Widget_Product_Filter.php(25): register_widget(NULL)
#2 D:\Logiciel\wamp64\www\wordpress\wp-includes\class-wp-hook.php(286): Functionality\Widget_Product_Filter::Functionality\{closure}('')
#3 D:\Logiciel\wamp64\www\wordpress\wp-includes\class-wp-hook.php(310): WP_Hook->apply_filters('', Array)
#4 D:\Logiciel\wamp64\www\wordpress\wp-includes\plugin.php(453): WP_Hook->do_action(Array)
#5 D:\Logiciel\wamp64\www\wordpress\wp-includes\widgets.php(1649): do_action('widgets_init')
#6 D:\Logiciel\wamp64\www\wordpress\wp-includes\class-wp-hook.php(286): wp_widgets_init('')
#7 D:\Logiciel\wamp64\www\wordpress\wp-includes\class-wp-hook.php(310): WP_Hook->apply_filters(NULL, Array)
#8 D:\Logiciel\w

2018-07-28T16:38:30+00:00 CRITICAL Uncaught Error: Class name must be a valid object or a string in D:\Logiciel\wamp64\www\wordpress\wp-includes\class-wp-widget-factory.php:100
Stack trace:
#0 D:\Logiciel\wamp64\www\wordpress\wp-includes\widgets.php(115): WP_Widget_Factory->register(NULL)
#1 D:\Logiciel\wamp64\www\wordpress\wp-content\plugins\FCC\Functionality\Widget_Product_Filter.php(25): register_widget(NULL)
#2 D:\Logiciel\wamp64\www\wordpress\wp-includes\class-wp-hook.php(286): Functionality\Widget_Product_Filter::Functionality\{closure}('')
#3 D:\Logiciel\wamp64\www\wordpress\wp-includes\class-wp-hook.php(310): WP_Hook->apply_filters('', Array)
#4 D:\Logiciel\wamp64\www\wordpress\wp-includes\plugin.php(453): WP_Hook->do_action(Array)
#5 D:\Logiciel\wamp64\www\wordpress\wp-includes\widgets.php(1649): do_action('widgets_init')
#6 D:\Logiciel\wamp64\www\wordpress\wp-includes\class-wp-hook.php(286): wp_widgets_init('')
#7 D:\Logiciel\wamp64\www\wordpress\wp-includes\class-wp-hook.php(310): WP_Hook->apply_filters(NULL, Array)
#8 D:\Logiciel\w

2018-07-28T16:38:35+00:00 CRITICAL Uncaught Error: Class name must be a valid object or a string in D:\Logiciel\wamp64\www\wordpress\wp-includes\class-wp-widget-factory.php:100
Stack trace:
#0 D:\Logiciel\wamp64\www\wordpress\wp-includes\widgets.php(115): WP_Widget_Factory->register(NULL)
#1 D:\Logiciel\wamp64\www\wordpress\wp-content\plugins\FCC\Functionality\Widget_Product_Filter.php(25): register_widget(NULL)
#2 D:\Logiciel\wamp64\www\wordpress\wp-includes\class-wp-hook.php(286): Functionality\Widget_Product_Filter::Functionality\{closure}('')
#3 D:\Logiciel\wamp64\www\wordpress\wp-includes\class-wp-hook.php(310): WP_Hook->apply_filters('', Array)
#4 D:\Logiciel\wamp64\www\wordpress\wp-includes\plugin.php(453): WP_Hook->do_action(Array)
#5 D:\Logiciel\wamp64\www\wordpress\wp-includes\widgets.php(1649): do_action('widgets_init')
#6 D:\Logiciel\wamp64\www\wordpress\wp-includes\class-wp-hook.php(286): wp_widgets_init('')
#7 D:\Logiciel\wamp64\www\wordpress\wp-includes\class-wp-hook.php(310): WP_Hook->apply_filters(NULL, Array)
#8 D:\Logiciel\w

2018-07-28T16:38:45+00:00 CRITICAL Uncaught Error: Class name must be a valid object or a string in D:\Logiciel\wamp64\www\wordpress\wp-includes\class-wp-widget-factory.php:100
Stack trace:
#0 D:\Logiciel\wamp64\www\wordpress\wp-includes\widgets.php(115): WP_Widget_Factory->register(NULL)
#1 D:\Logiciel\wamp64\www\wordpress\wp-content\plugins\FCC\Functionality\Widget_Product_Filter.php(23): register_widget(NULL)
#2 D:\Logiciel\wamp64\www\wordpress\wp-includes\class-wp-hook.php(286): Functionality\Widget_Product_Filter::Functionality\{closure}('')
#3 D:\Logiciel\wamp64\www\wordpress\wp-includes\class-wp-hook.php(310): WP_Hook->apply_filters('', Array)
#4 D:\Logiciel\wamp64\www\wordpress\wp-includes\plugin.php(453): WP_Hook->do_action(Array)
#5 D:\Logiciel\wamp64\www\wordpress\wp-includes\widgets.php(1649): do_action('widgets_init')
#6 D:\Logiciel\wamp64\www\wordpress\wp-includes\class-wp-hook.php(286): wp_widgets_init('')
#7 D:\Logiciel\wamp64\www\wordpress\wp-includes\class-wp-hook.php(310): WP_Hook->apply_filters(NULL, Array)
#8 D:\Logiciel\w

2018-07-28T16:38:55+00:00 CRITICAL Uncaught Error: Class name must be a valid object or a string in D:\Logiciel\wamp64\www\wordpress\wp-includes\class-wp-widget-factory.php:100
Stack trace:
#0 D:\Logiciel\wamp64\www\wordpress\wp-includes\widgets.php(115): WP_Widget_Factory->register(NULL)
#1 D:\Logiciel\wamp64\www\wordpress\wp-content\plugins\FCC\Functionality\Widget_Product_Filter.php(23): register_widget(NULL)
#2 D:\Logiciel\wamp64\www\wordpress\wp-includes\class-wp-hook.php(286): Functionality\Widget_Product_Filter::Functionality\{closure}('')
#3 D:\Logiciel\wamp64\www\wordpress\wp-includes\class-wp-hook.php(310): WP_Hook->apply_filters('', Array)
#4 D:\Logiciel\wamp64\www\wordpress\wp-includes\plugin.php(453): WP_Hook->do_action(Array)
#5 D:\Logiciel\wamp64\www\wordpress\wp-includes\widgets.php(1649): do_action('widgets_init')
#6 D:\Logiciel\wamp64\www\wordpress\wp-includes\class-wp-hook.php(286): wp_widgets_init('')
#7 D:\Logiciel\wamp64\www\wordpress\wp-includes\class-wp-hook.php(310): WP_Hook->apply_filters(NULL, Array)
#8 D:\Logiciel\w

2018-07-28T16:39:20+00:00 CRITICAL Uncaught Error: Class 'Widget_Product_Filter' not found in D:\Logiciel\wamp64\www\wordpress\wp-includes\class-wp-widget-factory.php:100
Stack trace:
#0 D:\Logiciel\wamp64\www\wordpress\wp-includes\widgets.php(115): WP_Widget_Factory->register('Widget_Product_...')
#1 D:\Logiciel\wamp64\www\wordpress\wp-content\plugins\FCC\Functionality\Widget_Product_Filter.php(23): register_widget('Widget_Product_...')
#2 D:\Logiciel\wamp64\www\wordpress\wp-includes\class-wp-hook.php(286): Functionality\Widget_Product_Filter::Functionality\{closure}('')
#3 D:\Logiciel\wamp64\www\wordpress\wp-includes\class-wp-hook.php(310): WP_Hook->apply_filters('', Array)
#4 D:\Logiciel\wamp64\www\wordpress\wp-includes\plugin.php(453): WP_Hook->do_action(Array)
#5 D:\Logiciel\wamp64\www\wordpress\wp-includes\widgets.php(1649): do_action('widgets_init')
#6 D:\Logiciel\wamp64\www\wordpress\wp-includes\class-wp-hook.php(286): wp_widgets_init('')
#7 D:\Logiciel\wamp64\www\wordpress\wp-includes\class-wp-hook.php(310): WP_Hook->apply_filters(NUL

2018-07-28T16:39:28+00:00 CRITICAL Uncaught Error: Class 'Widget_Product_Filter' not found in D:\Logiciel\wamp64\www\wordpress\wp-includes\class-wp-widget-factory.php:100
Stack trace:
#0 D:\Logiciel\wamp64\www\wordpress\wp-includes\widgets.php(115): WP_Widget_Factory->register('Widget_Product_...')
#1 D:\Logiciel\wamp64\www\wordpress\wp-content\plugins\FCC\Functionality\Widget_Product_Filter.php(23): register_widget('Widget_Product_...')
#2 D:\Logiciel\wamp64\www\wordpress\wp-includes\class-wp-hook.php(286): Functionality\Widget_Product_Filter::Functionality\{closure}('')
#3 D:\Logiciel\wamp64\www\wordpress\wp-includes\class-wp-hook.php(310): WP_Hook->apply_filters('', Array)
#4 D:\Logiciel\wamp64\www\wordpress\wp-includes\plugin.php(453): WP_Hook->do_action(Array)
#5 D:\Logiciel\wamp64\www\wordpress\wp-includes\widgets.php(1649): do_action('widgets_init')
#6 D:\Logiciel\wamp64\www\wordpress\wp-includes\class-wp-hook.php(286): wp_widgets_init('')
#7 D:\Logiciel\wamp64\www\wordpress\wp-includes\class-wp-hook.php(310): WP_Hook->apply_filters(NUL

2018-07-28T16:39:29+00:00 CRITICAL Uncaught Error: Class 'Widget_Product_Filter' not found in D:\Logiciel\wamp64\www\wordpress\wp-includes\class-wp-widget-factory.php:100
Stack trace:
#0 D:\Logiciel\wamp64\www\wordpress\wp-includes\widgets.php(115): WP_Widget_Factory->register('Widget_Product_...')
#1 D:\Logiciel\wamp64\www\wordpress\wp-content\plugins\FCC\Functionality\Widget_Product_Filter.php(23): register_widget('Widget_Product_...')
#2 D:\Logiciel\wamp64\www\wordpress\wp-includes\class-wp-hook.php(286): Functionality\Widget_Product_Filter::Functionality\{closure}('')
#3 D:\Logiciel\wamp64\www\wordpress\wp-includes\class-wp-hook.php(310): WP_Hook->apply_filters('', Array)
#4 D:\Logiciel\wamp64\www\wordpress\wp-includes\plugin.php(453): WP_Hook->do_action(Array)
#5 D:\Logiciel\wamp64\www\wordpress\wp-includes\widgets.php(1649): do_action('widgets_init')
#6 D:\Logiciel\wamp64\www\wordpress\wp-includes\class-wp-hook.php(286): wp_widgets_init('')
#7 D:\Logiciel\wamp64\www\wordpress\wp-includes\class-wp-hook.php(310): WP_Hook->apply_filters(NUL

2018-07-28T16:39:29+00:00 CRITICAL Uncaught Error: Class 'Widget_Product_Filter' not found in D:\Logiciel\wamp64\www\wordpress\wp-includes\class-wp-widget-factory.php:100
Stack trace:
#0 D:\Logiciel\wamp64\www\wordpress\wp-includes\widgets.php(115): WP_Widget_Factory->register('Widget_Product_...')
#1 D:\Logiciel\wamp64\www\wordpress\wp-content\plugins\FCC\Functionality\Widget_Product_Filter.php(23): register_widget('Widget_Product_...')
#2 D:\Logiciel\wamp64\www\wordpress\wp-includes\class-wp-hook.php(286): Functionality\Widget_Product_Filter::Functionality\{closure}('')
#3 D:\Logiciel\wamp64\www\wordpress\wp-includes\class-wp-hook.php(310): WP_Hook->apply_filters('', Array)
#4 D:\Logiciel\wamp64\www\wordpress\wp-includes\plugin.php(453): WP_Hook->do_action(Array)
#5 D:\Logiciel\wamp64\www\wordpress\wp-includes\widgets.php(1649): do_action('widgets_init')
#6 D:\Logiciel\wamp64\www\wordpress\wp-includes\class-wp-hook.php(286): wp_widgets_init('')
#7 D:\Logiciel\wamp64\www\wordpress\wp-includes\class-wp-hook.php(310): WP_Hook->apply_filters(NUL

2018-07-28T16:39:36+00:00 CRITICAL Uncaught Error: Class 'Widget_Product_Filter' not found in D:\Logiciel\wamp64\www\wordpress\wp-includes\class-wp-widget-factory.php:100
Stack trace:
#0 D:\Logiciel\wamp64\www\wordpress\wp-includes\widgets.php(115): WP_Widget_Factory->register('Widget_Product_...')
#1 D:\Logiciel\wamp64\www\wordpress\wp-content\plugins\FCC\Functionality\Widget_Product_Filter.php(23): register_widget('Widget_Product_...')
#2 D:\Logiciel\wamp64\www\wordpress\wp-includes\class-wp-hook.php(286): Functionality\Widget_Product_Filter::Functionality\{closure}('')
#3 D:\Logiciel\wamp64\www\wordpress\wp-includes\class-wp-hook.php(310): WP_Hook->apply_filters('', Array)
#4 D:\Logiciel\wamp64\www\wordpress\wp-includes\plugin.php(453): WP_Hook->do_action(Array)
#5 D:\Logiciel\wamp64\www\wordpress\wp-includes\widgets.php(1649): do_action('widgets_init')
#6 D:\Logiciel\wamp64\www\wordpress\wp-includes\class-wp-hook.php(286): wp_widgets_init('')
#7 D:\Logiciel\wamp64\www\wordpress\wp-includes\class-wp-hook.php(310): WP_Hook->apply_filters(NUL

2018-07-28T16:43:38+00:00 CRITICAL Uncaught Error: Class 'Widget_Product_Filter' not found in D:\Logiciel\wamp64\www\wordpress\wp-includes\class-wp-widget-factory.php:100
Stack trace:
#0 D:\Logiciel\wamp64\www\wordpress\wp-includes\widgets.php(115): WP_Widget_Factory->register('Widget_Product_...')
#1 D:\Logiciel\wamp64\www\wordpress\wp-content\plugins\FCC\Functionality\Widget_Product_Filter.php(23): register_widget('Widget_Product_...')
#2 D:\Logiciel\wamp64\www\wordpress\wp-includes\class-wp-hook.php(286): Functionality\Widget_Product_Filter::Functionality\{closure}('')
#3 D:\Logiciel\wamp64\www\wordpress\wp-includes\class-wp-hook.php(310): WP_Hook->apply_filters('', Array)
#4 D:\Logiciel\wamp64\www\wordpress\wp-includes\plugin.php(453): WP_Hook->do_action(Array)
#5 D:\Logiciel\wamp64\www\wordpress\wp-includes\widgets.php(1649): do_action('widgets_init')
#6 D:\Logiciel\wamp64\www\wordpress\wp-includes\class-wp-hook.php(286): wp_widgets_init('')
#7 D:\Logiciel\wamp64\www\wordpress\wp-includes\class-wp-hook.php(310): WP_Hook->apply_filters(NUL

2018-07-28T16:43:46+00:00 CRITICAL Uncaught Error: Class name must be a valid object or a string in D:\Logiciel\wamp64\www\wordpress\wp-includes\class-wp-widget-factory.php:100
Stack trace:
#0 D:\Logiciel\wamp64\www\wordpress\wp-includes\widgets.php(115): WP_Widget_Factory->register(NULL)
#1 D:\Logiciel\wamp64\www\wordpress\wp-content\plugins\FCC\Functionality\Widget_Product_Filter.php(23): register_widget(NULL)
#2 D:\Logiciel\wamp64\www\wordpress\wp-includes\class-wp-hook.php(286): Functionality\Widget_Product_Filter::Functionality\{closure}('')
#3 D:\Logiciel\wamp64\www\wordpress\wp-includes\class-wp-hook.php(310): WP_Hook->apply_filters('', Array)
#4 D:\Logiciel\wamp64\www\wordpress\wp-includes\plugin.php(453): WP_Hook->do_action(Array)
#5 D:\Logiciel\wamp64\www\wordpress\wp-includes\widgets.php(1649): do_action('widgets_init')
#6 D:\Logiciel\wamp64\www\wordpress\wp-includes\class-wp-hook.php(286): wp_widgets_init('')
#7 D:\Logiciel\wamp64\www\wordpress\wp-includes\class-wp-hook.php(310): WP_Hook->apply_filters(NULL, Array)
#8 D:\Logiciel\w

2018-07-28T16:43:59+00:00 CRITICAL Uncaught Error: Class name must be a valid object or a string in D:\Logiciel\wamp64\www\wordpress\wp-includes\class-wp-widget-factory.php:100
Stack trace:
#0 D:\Logiciel\wamp64\www\wordpress\wp-includes\widgets.php(115): WP_Widget_Factory->register(NULL)
#1 D:\Logiciel\wamp64\www\wordpress\wp-content\plugins\FCC\Functionality\Widget_Product_Filter.php(23): register_widget(NULL)
#2 D:\Logiciel\wamp64\www\wordpress\wp-includes\class-wp-hook.php(286): Functionality\Widget_Product_Filter::Functionality\{closure}('')
#3 D:\Logiciel\wamp64\www\wordpress\wp-includes\class-wp-hook.php(310): WP_Hook->apply_filters('', Array)
#4 D:\Logiciel\wamp64\www\wordpress\wp-includes\plugin.php(453): WP_Hook->do_action(Array)
#5 D:\Logiciel\wamp64\www\wordpress\wp-includes\widgets.php(1649): do_action('widgets_init')
#6 D:\Logiciel\wamp64\www\wordpress\wp-includes\class-wp-hook.php(286): wp_widgets_init('')
#7 D:\Logiciel\wamp64\www\wordpress\wp-includes\class-wp-hook.php(310): WP_Hook->apply_filters(NULL, Array)
#8 D:\Logiciel\w

2018-07-28T16:54:11+00:00 CRITICAL Uncaught Error: Class 'Widget_Product_Filter' not found in D:\Logiciel\wamp64\www\wordpress\wp-includes\class-wp-widget-factory.php:100
Stack trace:
#0 D:\Logiciel\wamp64\www\wordpress\wp-includes\widgets.php(115): WP_Widget_Factory->register('Widget_Product_...')
#1 D:\Logiciel\wamp64\www\wordpress\wp-content\plugins\FCC\fcc-plugin.php(60): register_widget('Widget_Product_...')
#2 D:\Logiciel\wamp64\www\wordpress\wp-includes\class-wp-hook.php(286): FCC_Plugin->myplugin_register_widgets('')
#3 D:\Logiciel\wamp64\www\wordpress\wp-includes\class-wp-hook.php(310): WP_Hook->apply_filters('', Array)
#4 D:\Logiciel\wamp64\www\wordpress\wp-includes\plugin.php(453): WP_Hook->do_action(Array)
#5 D:\Logiciel\wamp64\www\wordpress\wp-includes\widgets.php(1649): do_action('widgets_init')
#6 D:\Logiciel\wamp64\www\wordpress\wp-includes\class-wp-hook.php(286): wp_widgets_init('')
#7 D:\Logiciel\wamp64\www\wordpress\wp-includes\class-wp-hook.php(310): WP_Hook->apply_filters(NULL, Array)
#8 D:\Logiciel\wamp64\www\wordpress\wp

2018-07-28T16:54:12+00:00 CRITICAL Uncaught Error: Class 'Widget_Product_Filter' not found in D:\Logiciel\wamp64\www\wordpress\wp-includes\class-wp-widget-factory.php:100
Stack trace:
#0 D:\Logiciel\wamp64\www\wordpress\wp-includes\widgets.php(115): WP_Widget_Factory->register('Widget_Product_...')
#1 D:\Logiciel\wamp64\www\wordpress\wp-content\plugins\FCC\fcc-plugin.php(60): register_widget('Widget_Product_...')
#2 D:\Logiciel\wamp64\www\wordpress\wp-includes\class-wp-hook.php(286): FCC_Plugin->myplugin_register_widgets('')
#3 D:\Logiciel\wamp64\www\wordpress\wp-includes\class-wp-hook.php(310): WP_Hook->apply_filters('', Array)
#4 D:\Logiciel\wamp64\www\wordpress\wp-includes\plugin.php(453): WP_Hook->do_action(Array)
#5 D:\Logiciel\wamp64\www\wordpress\wp-includes\widgets.php(1649): do_action('widgets_init')
#6 D:\Logiciel\wamp64\www\wordpress\wp-includes\class-wp-hook.php(286): wp_widgets_init('')
#7 D:\Logiciel\wamp64\www\wordpress\wp-includes\class-wp-hook.php(310): WP_Hook->apply_filters(NULL, Array)
#8 D:\Logiciel\wamp64\www\wordpress\wp

2018-07-28T17:29:43+00:00 CRITICAL Uncaught Error: Class 'Widget_Product_Filter' not found in D:\Logiciel\wamp64\www\wordpress\wp-includes\class-wp-widget-factory.php:100
Stack trace:
#0 D:\Logiciel\wamp64\www\wordpress\wp-includes\widgets.php(115): WP_Widget_Factory->register('Widget_Product_...')
#1 D:\Logiciel\wamp64\www\wordpress\wp-content\plugins\FCC\fcc-plugin.php(65): register_widget('Widget_Product_...')
#2 D:\Logiciel\wamp64\www\wordpress\wp-includes\class-wp-hook.php(286): myplugin_register_widgets('')
#3 D:\Logiciel\wamp64\www\wordpress\wp-includes\class-wp-hook.php(310): WP_Hook->apply_filters('', Array)
#4 D:\Logiciel\wamp64\www\wordpress\wp-includes\plugin.php(453): WP_Hook->do_action(Array)
#5 D:\Logiciel\wamp64\www\wordpress\wp-includes\widgets.php(1649): do_action('widgets_init')
#6 D:\Logiciel\wamp64\www\wordpress\wp-includes\class-wp-hook.php(286): wp_widgets_init('')
#7 D:\Logiciel\wamp64\www\wordpress\wp-includes\class-wp-hook.php(310): WP_Hook->apply_filters(NULL, Array)
#8 D:\Logiciel\wamp64\www\wordpress\wp-includes\pl

2018-07-28T17:38:06+00:00 CRITICAL Uncaught Error: Call to undefined function isSelected() in D:\Logiciel\wamp64\www\wordpress\wp-content\plugins\FCC\fcc-plugin.php:92
Stack trace:
#0 D:\Logiciel\wamp64\www\wordpress\wp-includes\class-wp-hook.php(286): FCC_Plugin->ajax_filter_product('')
#1 D:\Logiciel\wamp64\www\wordpress\wp-includes\class-wp-hook.php(310): WP_Hook->apply_filters('', Array)
#2 D:\Logiciel\wamp64\www\wordpress\wp-includes\plugin.php(453): WP_Hook->do_action(Array)
#3 D:\Logiciel\wamp64\www\wordpress\wp-admin\admin-ajax.php(99): do_action('wp_ajax_filter_...')
#4 {main}
  thrown

2018-07-28T17:38:30+00:00 CRITICAL Uncaught Error: Call to undefined function isSelected() in D:\Logiciel\wamp64\www\wordpress\wp-content\plugins\FCC\fcc-plugin.php:92
Stack trace:
#0 D:\Logiciel\wamp64\www\wordpress\wp-includes\class-wp-hook.php(286): FCC_Plugin->ajax_filter_product('')
#1 D:\Logiciel\wamp64\www\wordpress\wp-includes\class-wp-hook.php(310): WP_Hook->apply_filters('', Array)
#2 D:\Logiciel\wamp64\www\wordpress\wp-includes\plugin.php(453): WP_Hook->do_action(Array)
#3 D:\Logiciel\wamp64\www\wordpress\wp-admin\admin-ajax.php(99): do_action('wp_ajax_filter_...')
#4 {main}
  thrown

