2018-09-10T10:06:30+00:00 CRITICAL Uncaught Error: Class 'Header_Logo' not found in /var/www/html/FCC/wp-content/themes/frenchcheesecorner/header.php:55
Stack trace:
#0 /var/www/html/FCC/wp-includes/template.php(688): require_once()
#1 /var/www/html/FCC/wp-includes/template.php(647): load_template('/var/www/html/F...', true)
#2 /var/www/html/FCC/wp-includes/general-template.php(41): locate_template(Array, true)
#3 /var/www/html/FCC/wp-content/themes/frenchcheesecorner/page.php(15): get_header()
#4 /var/www/html/FCC/wp-includes/template-loader.php(74): include('/var/www/html/F...')
#5 /var/www/html/FCC/wp-blog-header.php(19): require_once('/var/www/html/F...')
#6 /var/www/html/FCC/index.php(17): require('/var/www/html/F...')
#7 {main}
  thrown

2018-09-10T10:06:30+00:00 CRITICAL Uncaught Error: Class 'Header_Logo' not found in /var/www/html/FCC/wp-content/themes/frenchcheesecorner/header.php:55
Stack trace:
#0 /var/www/html/FCC/wp-includes/template.php(688): require_once()
#1 /var/www/html/FCC/wp-includes/template.php(647): load_template('/var/www/html/F...', true)
#2 /var/www/html/FCC/wp-includes/general-template.php(41): locate_template(Array, true)
#3 /var/www/html/FCC/wp-content/themes/frenchcheesecorner/404.php(10): get_header()
#4 /var/www/html/FCC/wp-includes/template-loader.php(74): include('/var/www/html/F...')
#5 /var/www/html/FCC/wp-blog-header.php(19): require_once('/var/www/html/F...')
#6 /var/www/html/FCC/index.php(17): require('/var/www/html/F...')
#7 {main}
  thrown

2018-09-10T10:06:30+00:00 CRITICAL Uncaught Error: Class 'Header_Logo' not found in /var/www/html/FCC/wp-content/themes/frenchcheesecorner/header.php:55
Stack trace:
#0 /var/www/html/FCC/wp-includes/template.php(688): require_once()
#1 /var/www/html/FCC/wp-includes/template.php(647): load_template('/var/www/html/F...', true)
#2 /var/www/html/FCC/wp-includes/general-template.php(41): locate_template(Array, true)
#3 /var/www/html/FCC/wp-content/themes/frenchcheesecorner/404.php(10): get_header()
#4 /var/www/html/FCC/wp-includes/template-loader.php(74): include('/var/www/html/F...')
#5 /var/www/html/FCC/wp-blog-header.php(19): require_once('/var/www/html/F...')
#6 /var/www/html/FCC/index.php(17): require('/var/www/html/F...')
#7 {main}
  thrown

2018-09-10T10:06:30+00:00 CRITICAL Uncaught Error: Class 'Header_Logo' not found in /var/www/html/FCC/wp-content/themes/frenchcheesecorner/header.php:55
Stack trace:
#0 /var/www/html/FCC/wp-includes/template.php(688): require_once()
#1 /var/www/html/FCC/wp-includes/template.php(647): load_template('/var/www/html/F...', true)
#2 /var/www/html/FCC/wp-includes/general-template.php(41): locate_template(Array, true)
#3 /var/www/html/FCC/wp-content/themes/frenchcheesecorner/404.php(10): get_header()
#4 /var/www/html/FCC/wp-includes/template-loader.php(74): include('/var/www/html/F...')
#5 /var/www/html/FCC/wp-blog-header.php(19): require_once('/var/www/html/F...')
#6 /var/www/html/FCC/index.php(17): require('/var/www/html/F...')
#7 {main}
  thrown

2018-09-10T10:06:35+00:00 CRITICAL Uncaught Error: Class 'Header_Logo' not found in /var/www/html/FCC/wp-content/themes/frenchcheesecorner/header.php:55
Stack trace:
#0 /var/www/html/FCC/wp-includes/template.php(688): require_once()
#1 /var/www/html/FCC/wp-includes/template.php(647): load_template('/var/www/html/F...', true)
#2 /var/www/html/FCC/wp-includes/general-template.php(41): locate_template(Array, true)
#3 /var/www/html/FCC/wp-content/themes/frenchcheesecorner/page.php(15): get_header()
#4 /var/www/html/FCC/wp-includes/template-loader.php(74): include('/var/www/html/F...')
#5 /var/www/html/FCC/wp-blog-header.php(19): require_once('/var/www/html/F...')
#6 /var/www/html/FCC/index.php(17): require('/var/www/html/F...')
#7 {main}
  thrown

2018-09-10T10:06:36+00:00 CRITICAL Uncaught Error: Class 'Header_Logo' not found in /var/www/html/FCC/wp-content/themes/frenchcheesecorner/header.php:55
Stack trace:
#0 /var/www/html/FCC/wp-includes/template.php(688): require_once()
#1 /var/www/html/FCC/wp-includes/template.php(647): load_template('/var/www/html/F...', true)
#2 /var/www/html/FCC/wp-includes/general-template.php(41): locate_template(Array, true)
#3 /var/www/html/FCC/wp-content/themes/frenchcheesecorner/404.php(10): get_header()
#4 /var/www/html/FCC/wp-includes/template-loader.php(74): include('/var/www/html/F...')
#5 /var/www/html/FCC/wp-blog-header.php(19): require_once('/var/www/html/F...')
#6 /var/www/html/FCC/index.php(17): require('/var/www/html/F...')
#7 {main}
  thrown

2018-09-10T10:06:36+00:00 CRITICAL Uncaught Error: Class 'Header_Logo' not found in /var/www/html/FCC/wp-content/themes/frenchcheesecorner/header.php:55
Stack trace:
#0 /var/www/html/FCC/wp-includes/template.php(688): require_once()
#1 /var/www/html/FCC/wp-includes/template.php(647): load_template('/var/www/html/F...', true)
#2 /var/www/html/FCC/wp-includes/general-template.php(41): locate_template(Array, true)
#3 /var/www/html/FCC/wp-content/themes/frenchcheesecorner/404.php(10): get_header()
#4 /var/www/html/FCC/wp-includes/template-loader.php(74): include('/var/www/html/F...')
#5 /var/www/html/FCC/wp-blog-header.php(19): require_once('/var/www/html/F...')
#6 /var/www/html/FCC/index.php(17): require('/var/www/html/F...')
#7 {main}
  thrown

2018-09-10T10:06:36+00:00 CRITICAL Uncaught Error: Class 'Header_Logo' not found in /var/www/html/FCC/wp-content/themes/frenchcheesecorner/header.php:55
Stack trace:
#0 /var/www/html/FCC/wp-includes/template.php(688): require_once()
#1 /var/www/html/FCC/wp-includes/template.php(647): load_template('/var/www/html/F...', true)
#2 /var/www/html/FCC/wp-includes/general-template.php(41): locate_template(Array, true)
#3 /var/www/html/FCC/wp-content/themes/frenchcheesecorner/404.php(10): get_header()
#4 /var/www/html/FCC/wp-includes/template-loader.php(74): include('/var/www/html/F...')
#5 /var/www/html/FCC/wp-blog-header.php(19): require_once('/var/www/html/F...')
#6 /var/www/html/FCC/index.php(17): require('/var/www/html/F...')
#7 {main}
  thrown

2018-09-10T10:06:37+00:00 CRITICAL Uncaught Error: Class 'Header_Logo' not found in /var/www/html/FCC/wp-content/themes/frenchcheesecorner/header.php:55
Stack trace:
#0 /var/www/html/FCC/wp-includes/template.php(688): require_once()
#1 /var/www/html/FCC/wp-includes/template.php(647): load_template('/var/www/html/F...', true)
#2 /var/www/html/FCC/wp-includes/general-template.php(41): locate_template(Array, true)
#3 /var/www/html/FCC/wp-content/themes/frenchcheesecorner/page.php(15): get_header()
#4 /var/www/html/FCC/wp-includes/template-loader.php(74): include('/var/www/html/F...')
#5 /var/www/html/FCC/wp-blog-header.php(19): require_once('/var/www/html/F...')
#6 /var/www/html/FCC/index.php(17): require('/var/www/html/F...')
#7 {main}
  thrown

2018-09-10T10:06:37+00:00 CRITICAL Uncaught Error: Class 'Header_Logo' not found in /var/www/html/FCC/wp-content/themes/frenchcheesecorner/header.php:55
Stack trace:
#0 /var/www/html/FCC/wp-includes/template.php(688): require_once()
#1 /var/www/html/FCC/wp-includes/template.php(647): load_template('/var/www/html/F...', true)
#2 /var/www/html/FCC/wp-includes/general-template.php(41): locate_template(Array, true)
#3 /var/www/html/FCC/wp-content/themes/frenchcheesecorner/404.php(10): get_header()
#4 /var/www/html/FCC/wp-includes/template-loader.php(74): include('/var/www/html/F...')
#5 /var/www/html/FCC/wp-blog-header.php(19): require_once('/var/www/html/F...')
#6 /var/www/html/FCC/index.php(17): require('/var/www/html/F...')
#7 {main}
  thrown

2018-09-10T10:06:37+00:00 CRITICAL Uncaught Error: Class 'Header_Logo' not found in /var/www/html/FCC/wp-content/themes/frenchcheesecorner/header.php:55
Stack trace:
#0 /var/www/html/FCC/wp-includes/template.php(688): require_once()
#1 /var/www/html/FCC/wp-includes/template.php(647): load_template('/var/www/html/F...', true)
#2 /var/www/html/FCC/wp-includes/general-template.php(41): locate_template(Array, true)
#3 /var/www/html/FCC/wp-content/themes/frenchcheesecorner/404.php(10): get_header()
#4 /var/www/html/FCC/wp-includes/template-loader.php(74): include('/var/www/html/F...')
#5 /var/www/html/FCC/wp-blog-header.php(19): require_once('/var/www/html/F...')
#6 /var/www/html/FCC/index.php(17): require('/var/www/html/F...')
#7 {main}
  thrown

2018-09-10T10:06:37+00:00 CRITICAL Uncaught Error: Class 'Header_Logo' not found in /var/www/html/FCC/wp-content/themes/frenchcheesecorner/header.php:55
Stack trace:
#0 /var/www/html/FCC/wp-includes/template.php(688): require_once()
#1 /var/www/html/FCC/wp-includes/template.php(647): load_template('/var/www/html/F...', true)
#2 /var/www/html/FCC/wp-includes/general-template.php(41): locate_template(Array, true)
#3 /var/www/html/FCC/wp-content/themes/frenchcheesecorner/404.php(10): get_header()
#4 /var/www/html/FCC/wp-includes/template-loader.php(74): include('/var/www/html/F...')
#5 /var/www/html/FCC/wp-blog-header.php(19): require_once('/var/www/html/F...')
#6 /var/www/html/FCC/index.php(17): require('/var/www/html/F...')
#7 {main}
  thrown

2018-09-10T10:06:38+00:00 CRITICAL Uncaught Error: Class 'Header_Logo' not found in /var/www/html/FCC/wp-content/themes/frenchcheesecorner/header.php:55
Stack trace:
#0 /var/www/html/FCC/wp-includes/template.php(688): require_once()
#1 /var/www/html/FCC/wp-includes/template.php(647): load_template('/var/www/html/F...', true)
#2 /var/www/html/FCC/wp-includes/general-template.php(41): locate_template(Array, true)
#3 /var/www/html/FCC/wp-content/themes/frenchcheesecorner/page.php(15): get_header()
#4 /var/www/html/FCC/wp-includes/template-loader.php(74): include('/var/www/html/F...')
#5 /var/www/html/FCC/wp-blog-header.php(19): require_once('/var/www/html/F...')
#6 /var/www/html/FCC/index.php(17): require('/var/www/html/F...')
#7 {main}
  thrown

2018-09-10T10:06:38+00:00 CRITICAL Uncaught Error: Class 'Header_Logo' not found in /var/www/html/FCC/wp-content/themes/frenchcheesecorner/header.php:55
Stack trace:
#0 /var/www/html/FCC/wp-includes/template.php(688): require_once()
#1 /var/www/html/FCC/wp-includes/template.php(647): load_template('/var/www/html/F...', true)
#2 /var/www/html/FCC/wp-includes/general-template.php(41): locate_template(Array, true)
#3 /var/www/html/FCC/wp-content/themes/frenchcheesecorner/404.php(10): get_header()
#4 /var/www/html/FCC/wp-includes/template-loader.php(74): include('/var/www/html/F...')
#5 /var/www/html/FCC/wp-blog-header.php(19): require_once('/var/www/html/F...')
#6 /var/www/html/FCC/index.php(17): require('/var/www/html/F...')
#7 {main}
  thrown

2018-09-10T10:06:38+00:00 CRITICAL Uncaught Error: Class 'Header_Logo' not found in /var/www/html/FCC/wp-content/themes/frenchcheesecorner/header.php:55
Stack trace:
#0 /var/www/html/FCC/wp-includes/template.php(688): require_once()
#1 /var/www/html/FCC/wp-includes/template.php(647): load_template('/var/www/html/F...', true)
#2 /var/www/html/FCC/wp-includes/general-template.php(41): locate_template(Array, true)
#3 /var/www/html/FCC/wp-content/themes/frenchcheesecorner/404.php(10): get_header()
#4 /var/www/html/FCC/wp-includes/template-loader.php(74): include('/var/www/html/F...')
#5 /var/www/html/FCC/wp-blog-header.php(19): require_once('/var/www/html/F...')
#6 /var/www/html/FCC/index.php(17): require('/var/www/html/F...')
#7 {main}
  thrown

2018-09-10T10:06:38+00:00 CRITICAL Uncaught Error: Class 'Header_Logo' not found in /var/www/html/FCC/wp-content/themes/frenchcheesecorner/header.php:55
Stack trace:
#0 /var/www/html/FCC/wp-includes/template.php(688): require_once()
#1 /var/www/html/FCC/wp-includes/template.php(647): load_template('/var/www/html/F...', true)
#2 /var/www/html/FCC/wp-includes/general-template.php(41): locate_template(Array, true)
#3 /var/www/html/FCC/wp-content/themes/frenchcheesecorner/404.php(10): get_header()
#4 /var/www/html/FCC/wp-includes/template-loader.php(74): include('/var/www/html/F...')
#5 /var/www/html/FCC/wp-blog-header.php(19): require_once('/var/www/html/F...')
#6 /var/www/html/FCC/index.php(17): require('/var/www/html/F...')
#7 {main}
  thrown

2018-09-10T10:06:49+00:00 CRITICAL Uncaught Error: Class 'Header_Logo' not found in /var/www/html/FCC/wp-content/themes/frenchcheesecorner/header.php:55
Stack trace:
#0 /var/www/html/FCC/wp-includes/template.php(688): require_once()
#1 /var/www/html/FCC/wp-includes/template.php(647): load_template('/var/www/html/F...', true)
#2 /var/www/html/FCC/wp-includes/general-template.php(41): locate_template(Array, true)
#3 /var/www/html/FCC/wp-content/themes/frenchcheesecorner/page.php(15): get_header()
#4 /var/www/html/FCC/wp-includes/template-loader.php(74): include('/var/www/html/F...')
#5 /var/www/html/FCC/wp-blog-header.php(19): require_once('/var/www/html/F...')
#6 /var/www/html/FCC/index.php(17): require('/var/www/html/F...')
#7 {main}
  thrown

2018-09-10T10:06:50+00:00 CRITICAL Uncaught Error: Class 'Header_Logo' not found in /var/www/html/FCC/wp-content/themes/frenchcheesecorner/header.php:55
Stack trace:
#0 /var/www/html/FCC/wp-includes/template.php(688): require_once()
#1 /var/www/html/FCC/wp-includes/template.php(647): load_template('/var/www/html/F...', true)
#2 /var/www/html/FCC/wp-includes/general-template.php(41): locate_template(Array, true)
#3 /var/www/html/FCC/wp-content/themes/frenchcheesecorner/404.php(10): get_header()
#4 /var/www/html/FCC/wp-includes/template-loader.php(74): include('/var/www/html/F...')
#5 /var/www/html/FCC/wp-blog-header.php(19): require_once('/var/www/html/F...')
#6 /var/www/html/FCC/index.php(17): require('/var/www/html/F...')
#7 {main}
  thrown

2018-09-10T10:06:50+00:00 CRITICAL Uncaught Error: Class 'Header_Logo' not found in /var/www/html/FCC/wp-content/themes/frenchcheesecorner/header.php:55
Stack trace:
#0 /var/www/html/FCC/wp-includes/template.php(688): require_once()
#1 /var/www/html/FCC/wp-includes/template.php(647): load_template('/var/www/html/F...', true)
#2 /var/www/html/FCC/wp-includes/general-template.php(41): locate_template(Array, true)
#3 /var/www/html/FCC/wp-content/themes/frenchcheesecorner/404.php(10): get_header()
#4 /var/www/html/FCC/wp-includes/template-loader.php(74): include('/var/www/html/F...')
#5 /var/www/html/FCC/wp-blog-header.php(19): require_once('/var/www/html/F...')
#6 /var/www/html/FCC/index.php(17): require('/var/www/html/F...')
#7 {main}
  thrown

2018-09-10T10:06:50+00:00 CRITICAL Uncaught Error: Class 'Header_Logo' not found in /var/www/html/FCC/wp-content/themes/frenchcheesecorner/header.php:55
Stack trace:
#0 /var/www/html/FCC/wp-includes/template.php(688): require_once()
#1 /var/www/html/FCC/wp-includes/template.php(647): load_template('/var/www/html/F...', true)
#2 /var/www/html/FCC/wp-includes/general-template.php(41): locate_template(Array, true)
#3 /var/www/html/FCC/wp-content/themes/frenchcheesecorner/404.php(10): get_header()
#4 /var/www/html/FCC/wp-includes/template-loader.php(74): include('/var/www/html/F...')
#5 /var/www/html/FCC/wp-blog-header.php(19): require_once('/var/www/html/F...')
#6 /var/www/html/FCC/index.php(17): require('/var/www/html/F...')
#7 {main}
  thrown

2018-09-10T10:06:52+00:00 CRITICAL Uncaught Error: Class 'Header_Logo' not found in /var/www/html/FCC/wp-content/themes/frenchcheesecorner/header.php:55
Stack trace:
#0 /var/www/html/FCC/wp-includes/template.php(688): require_once()
#1 /var/www/html/FCC/wp-includes/template.php(647): load_template('/var/www/html/F...', true)
#2 /var/www/html/FCC/wp-includes/general-template.php(41): locate_template(Array, true)
#3 /var/www/html/FCC/wp-content/themes/frenchcheesecorner/page.php(15): get_header()
#4 /var/www/html/FCC/wp-includes/template-loader.php(74): include('/var/www/html/F...')
#5 /var/www/html/FCC/wp-blog-header.php(19): require_once('/var/www/html/F...')
#6 /var/www/html/FCC/index.php(17): require('/var/www/html/F...')
#7 {main}
  thrown

2018-09-10T10:06:53+00:00 CRITICAL Uncaught Error: Class 'Header_Logo' not found in /var/www/html/FCC/wp-content/themes/frenchcheesecorner/header.php:55
Stack trace:
#0 /var/www/html/FCC/wp-includes/template.php(688): require_once()
#1 /var/www/html/FCC/wp-includes/template.php(647): load_template('/var/www/html/F...', true)
#2 /var/www/html/FCC/wp-includes/general-template.php(41): locate_template(Array, true)
#3 /var/www/html/FCC/wp-content/themes/frenchcheesecorner/404.php(10): get_header()
#4 /var/www/html/FCC/wp-includes/template-loader.php(74): include('/var/www/html/F...')
#5 /var/www/html/FCC/wp-blog-header.php(19): require_once('/var/www/html/F...')
#6 /var/www/html/FCC/index.php(17): require('/var/www/html/F...')
#7 {main}
  thrown

2018-09-10T10:06:53+00:00 CRITICAL Uncaught Error: Class 'Header_Logo' not found in /var/www/html/FCC/wp-content/themes/frenchcheesecorner/header.php:55
Stack trace:
#0 /var/www/html/FCC/wp-includes/template.php(688): require_once()
#1 /var/www/html/FCC/wp-includes/template.php(647): load_template('/var/www/html/F...', true)
#2 /var/www/html/FCC/wp-includes/general-template.php(41): locate_template(Array, true)
#3 /var/www/html/FCC/wp-content/themes/frenchcheesecorner/404.php(10): get_header()
#4 /var/www/html/FCC/wp-includes/template-loader.php(74): include('/var/www/html/F...')
#5 /var/www/html/FCC/wp-blog-header.php(19): require_once('/var/www/html/F...')
#6 /var/www/html/FCC/index.php(17): require('/var/www/html/F...')
#7 {main}
  thrown

2018-09-10T10:06:53+00:00 CRITICAL Uncaught Error: Class 'Header_Logo' not found in /var/www/html/FCC/wp-content/themes/frenchcheesecorner/header.php:55
Stack trace:
#0 /var/www/html/FCC/wp-includes/template.php(688): require_once()
#1 /var/www/html/FCC/wp-includes/template.php(647): load_template('/var/www/html/F...', true)
#2 /var/www/html/FCC/wp-includes/general-template.php(41): locate_template(Array, true)
#3 /var/www/html/FCC/wp-content/themes/frenchcheesecorner/404.php(10): get_header()
#4 /var/www/html/FCC/wp-includes/template-loader.php(74): include('/var/www/html/F...')
#5 /var/www/html/FCC/wp-blog-header.php(19): require_once('/var/www/html/F...')
#6 /var/www/html/FCC/index.php(17): require('/var/www/html/F...')
#7 {main}
  thrown

