2018-07-26T19:20:23+00:00 CRITICAL Allowed memory size of 134217728 bytes exhausted (tried to allocate 703686245610555 bytes)

2018-07-26T19:33:53+00:00 CRITICAL Uncaught Error: Using $this when not in object context in D:\Logiciel\wamp64\www\wordpress\wp-content\themes\foodcheesecorner\functions.php:366
Stack trace:
#0 D:\Logiciel\wamp64\www\wordpress\wp-admin\includes\template.php(1063): render(Object(WP_Post), Array)
#1 D:\Logiciel\wamp64\www\wordpress\wp-admin\edit-form-advanced.php(714): do_meta_boxes(Object(WP_Screen), 'normal', Object(WP_Post))
#2 D:\Logiciel\wamp64\www\wordpress\wp-admin\post.php(174): include('D:\\Logiciel\\wam...')
#3 {main}
  thrown

2018-07-26T19:41:49+00:00 CRITICAL Uncaught Error: Using $this when not in object context in D:\Logiciel\wamp64\www\wordpress\wp-content\themes\foodcheesecorner\functions.php:409
Stack trace:
#0 D:\Logiciel\wamp64\www\wordpress\wp-includes\class-wp-hook.php(286): enqueue('post.php')
#1 D:\Logiciel\wamp64\www\wordpress\wp-includes\class-wp-hook.php(310): WP_Hook->apply_filters(NULL, Array)
#2 D:\Logiciel\wamp64\www\wordpress\wp-includes\plugin.php(453): WP_Hook->do_action(Array)
#3 D:\Logiciel\wamp64\www\wordpress\wp-admin\admin-header.php(97): do_action('admin_enqueue_s...', 'post.php')
#4 D:\Logiciel\wamp64\www\wordpress\wp-admin\edit-form-advanced.php(483): require_once('D:\\Logiciel\\wam...')
#5 D:\Logiciel\wamp64\www\wordpress\wp-admin\post.php(174): include('D:\\Logiciel\\wam...')
#6 {main}
  thrown

2018-07-26T19:42:04+00:00 CRITICAL Uncaught Error: Using $this when not in object context in D:\Logiciel\wamp64\www\wordpress\wp-content\themes\foodcheesecorner\functions.php:409
Stack trace:
#0 D:\Logiciel\wamp64\www\wordpress\wp-includes\class-wp-hook.php(286): enqueue('post.php')
#1 D:\Logiciel\wamp64\www\wordpress\wp-includes\class-wp-hook.php(310): WP_Hook->apply_filters(NULL, Array)
#2 D:\Logiciel\wamp64\www\wordpress\wp-includes\plugin.php(453): WP_Hook->do_action(Array)
#3 D:\Logiciel\wamp64\www\wordpress\wp-admin\admin-header.php(97): do_action('admin_enqueue_s...', 'post.php')
#4 D:\Logiciel\wamp64\www\wordpress\wp-admin\edit-form-advanced.php(483): require_once('D:\\Logiciel\\wam...')
#5 D:\Logiciel\wamp64\www\wordpress\wp-admin\post.php(174): include('D:\\Logiciel\\wam...')
#6 {main}
  thrown

